<?xml version="1.0" encoding="UTF-8" ?>
<testsuite errors="0" failures="1" hostname="sbiswas-tecra" name="org.netbeans.modules.compapp.catd.ConfiguredTest" tests="1" time="30.095" timestamp="2009-02-21T01:08:07">
  <properties>
[...]
</properties>
  <testcase classname="org.netbeans.modules.compapp.catd.ConfiguredTest" name="TestCase2" time="30.032">
    <failure message=" Passed. Threads count Success: &lt;0&gt; Error: &lt;0&gt; Not completed: &lt;1&gt;
Details: 
&lt;Concurrent test thread 0&gt; did not complete. Success rate 0/1 
" type="junit.framework.AssertionFailedError">junit.framework.AssertionFailedError:  Passed. Threads count Success: &lt;0&gt; Error: &lt;0&gt; Not completed: &lt;1&gt;
Details: 
&lt;Concurrent test thread 0&gt; did not complete. Success rate 0/1 

	at org.netbeans.modules.compapp.catd.ConfiguredTest.testConcurrentSOAPRequest(ConfiguredTest.java:766)
</failure>
  </testcase>
  <system-out><![CDATA[{java.runtime.name=Java(TM) SE Runtime Environment, sun.boot.library.path=C:\Program Files\Java\jdk1.6.0_03\jre\bin, java.vm.version=1.6.0_03-b05, java.vm.vendor=Sun Microsystems Inc., java.vendor.url=http://java.sun.com/, path.separator=;, java.vm.name=Java HotSpot(TM) Client VM, file.encoding.pkg=sun.io, sun.java.launcher=SUN_STANDARD, user.country=US, sun.os.patch.level=Service Pack 3, java.vm.specification.name=Java Virtual Machine Specification, user.dir=C:\test\java.net\httpbc-soapFault-with-attribute\TestAttrCA, java.runtime.version=1.6.0_03-b05, java.awt.graphicsenv=sun.awt.Win32GraphicsEnvironment, inDebug=${inDebug}, java.endorsed.dirs=C:\Program Files\Java\jdk1.6.0_03\jre\lib\endorsed, os.arch=x86, java.io.tmpdir=C:\DOCUME~1\sbiswas\LOCALS~1\Temp\, line.separator=
, java.vm.specification.vendor=Sun Microsystems Inc., user.variant=, os.name=Windows XP, sun.jnu.encoding=Cp1252, java.library.path=C:\Program Files\Java\jdk1.6.0_03\jre\bin;.;C:\WINDOWS\Sun\Java\bin;C:\WINDOWS\system32;C:\WINDOWS;C:\eclipse\plugins\org.eclipse.tptp.platform.jvmti.runtime_4.4.100.v200804021410\agent_files\win_ia32;C:\Program Files\Java\jdk1.6.0_03\bin;C:\oracle\ora92\bin;C:\Program Files\Oracle\jre\1.3.1\bin;C:\Program Files\Oracle\jre\1.1.8\bin;C:\WINDOWS\system32;C:\WINDOWS;C:\WINDOWS\System32\Wbem;C:\Program Files\DisplayLink Core Software\;C:\downloads\developer\cvs-1-11-20;C:\maven-2.0.9\bin;C:\apache-ant-1.7.0\bin;C:\mural\downloads\svn-win32-1.4.5\bin;C:\Program Files\Hummingbird\Connectivity\10.00\Accessories\;;C:\netbeans\Python25;C:\Program Files\Mercurial;C:\opensso\soapui-2.0.2\bin;C:\Program Files\Reflection\;C:\opensso\soapui-2.0.2\bin;C:\Program Files\CVSNT\, java.specification.name=Java Platform API Specification, java.class.version=50.0, sun.management.compiler=HotSpot Client Compiler, os.version=5.1, user.home=C:\Documents and Settings\sbiswas, user.timezone=America/Los_Angeles, java.awt.printerjob=sun.awt.windows.WPrinterJob, file.encoding=Cp1252, java.specification.version=1.6, java.class.path=C:\glassfishesb\netbeans\soa2\modules\org-netbeans-modules-compapp-manager-jbi.jar;C:\glassfishesb\netbeans\soa2\modules\org-netbeans-modules-compapp-projects-jbi.jar;C:\glassfishesb\netbeans\soa2\modules\ext\jbi\jbi-admin-common.jar;C:\glassfishesb\netbeans\soa2\modules\ext\jbi\catd.jar;C:\glassfishesb\netbeans\java2\modules\ext\junit-3.8.2.jar;C:\glassfishesb\netbeans\java2\modules\ext\jaxws21\api\saaj-api.jar;C:\glassfishesb\netbeans\java2\modules\ext\jaxws21\saaj-impl.jar;C:\glassfishesb\netbeans\java2\modules\ext\jaxws21\FastInfoset.jar;C:\glassfishesb\netbeans\ide9\modules\org-netbeans-modules-editor-lib.jar;C:\glassfishesb\netbeans\ide9\modules\org-netbeans-modules-editor.jar;C:\glassfishesb\netbeans\ide9\modules\org-netbeans-modules-editor-util.jar;C:\glassfishesb\netbeans\ide9\modules\org-netbeans-modules-editor-lib2.jar;C:\glassfishesb\netbeans\ide9\modules\org-netbeans-modules-editor-indent.jar;C:\glassfishesb\netbeans\ide9\modules\org-netbeans-modules-editor-plain.jar;C:\glassfishesb\netbeans\ide9\modules\org-netbeans-modules-editor-plain-lib.jar;C:\glassfishesb\netbeans\ide9\modules\org-netbeans-modules-editor-settings.jar;C:\glassfishesb\netbeans\ide9\modules\org-netbeans-modules-lexer.jar;C:\glassfishesb\netbeans\ide9\modules\org-netbeans-modules-xml-core.jar;C:\glassfishesb\netbeans\ide9\modules\org-netbeans-modules-xml-lexer.jar;C:\glassfishesb\netbeans\ide9\modules\org-netbeans-modules-xml-text.jar;C:\glassfishesb\netbeans\ide9\modules\org-netbeans-modules-xml-xdm.jar;C:\glassfishesb\netbeans\ide9\modules\org-netbeans-modules-xml-xam.jar;C:\glassfishesb\netbeans\platform8\lib\org-openide-modules.jar;C:\glassfishesb\netbeans\platform8\lib\org-openide-util.jar;C:\glassfishesb\netbeans\platform8\modules\org-openide-options.jar;C:\glassfishesb\netbeans\platform8\modules\org-openide-text.jar;C:\glassfishesb\netbeans\platform8\modules\org-openide-loaders.jar;C:\glassfishesb\netbeans\platform8\modules\org-openide-nodes.jar;C:\glassfishesb\netbeans\platform8\modules\org-netbeans-modules-editor-mimelookup.jar;C:\glassfishesb\netbeans\platform8\modules\org-netbeans-modules-editor-mimelookup-impl.jar;C:\glassfishesb\netbeans\platform8\core\org-openide-filesystems.jar;C:\glassfishesb\netbeans\java2\ant\lib\ant-launcher.jar;C:\glassfishesb\netbeans\java2\ant\lib\ant.jar;C:\glassfishesb\netbeans\java2\ant\lib\ant-junit.jar, user.name=sbiswas, java.vm.specification.version=1.0, java.home=C:\Program Files\Java\jdk1.6.0_03\jre, sun.arch.data.model=32, user.language=en, java.specification.vendor=Sun Microsystems Inc., NetBeansUserDir=C:\glassfishesb\.netbeans\glassfishesb, awt.toolkit=sun.awt.windows.WToolkit, java.vm.info=mixed mode, sharing, java.version=1.6.0_03, java.ext.dirs=C:\Program Files\Java\jdk1.6.0_03\jre\lib\ext;C:\WINDOWS\Sun\Java\lib\ext, sun.boot.class.path=C:\Program Files\Java\jdk1.6.0_03\jre\lib\resources.jar;C:\Program Files\Java\jdk1.6.0_03\jre\lib\rt.jar;C:\Program Files\Java\jdk1.6.0_03\jre\lib\sunrsasign.jar;C:\Program Files\Java\jdk1.6.0_03\jre\lib\jsse.jar;C:\Program Files\Java\jdk1.6.0_03\jre\lib\jce.jar;C:\Program Files\Java\jdk1.6.0_03\jre\lib\charsets.jar;C:\Program Files\Java\jdk1.6.0_03\jre\classes, java.vendor=Sun Microsystems Inc., file.separator=\, java.vendor.url.bug=http://java.sun.com/cgi-bin/bugreport.cgi, sun.io.unicode.encoding=UnicodeLittle, sun.cpu.endian=little, sun.desktop=windows, sun.cpu.isalist=pentium_pro+mmx pentium_pro pentium+mmx pentium i486 i386 i86}
Test TestCase2\Concurrent.properties
Replace '${HttpDefaultPort}' in WSDL soap location by '9080' defined in sun-http-binding.
 Failed. (Destination: http://localhost:${HttpDefaultPort}/xxxService)
]]></system-out>
  <system-err><![CDATA[]]></system-err>
</testsuite>
