<?xml version="1.0" encoding="UTF-8" ?>
<testsuite errors="0" failures="0" hostname="vmulakkayala-e6" name="org.netbeans.modules.compapp.catd.ConfiguredTest" tests="236" time="638.849" timestamp="2009-03-11T21:41:07">
  <properties>
[...]
</properties>
  <testcase classname="org.netbeans.modules.compapp.catd.ConfiguredTest" name="AssignAndOpFF" time="3.873" />
  <testcase classname="org.netbeans.modules.compapp.catd.ConfiguredTest" name="AssignAndOpFT" time="3.063" />
  <testcase classname="org.netbeans.modules.compapp.catd.ConfiguredTest" name="AssignAndOpTF" time="2.976" />
  <testcase classname="org.netbeans.modules.compapp.catd.ConfiguredTest" name="AssignAndOpTT" time="2.928" />
  <testcase classname="org.netbeans.modules.compapp.catd.ConfiguredTest" name="AssignDurrationFalseInvoke" time="2.867" />
  <testcase classname="org.netbeans.modules.compapp.catd.ConfiguredTest" name="AssignDurrationTrueInvoke" time="2.89" />
  <testcase classname="org.netbeans.modules.compapp.catd.ConfiguredTest" name="AssignOrOpFF" time="2.889" />
  <testcase classname="org.netbeans.modules.compapp.catd.ConfiguredTest" name="AssignOrOpFT" time="2.821" />
  <testcase classname="org.netbeans.modules.compapp.catd.ConfiguredTest" name="AssignOrOpTF" time="2.946" />
  <testcase classname="org.netbeans.modules.compapp.catd.ConfiguredTest" name="AssignOrOpTT" time="2.881" />
  <testcase classname="org.netbeans.modules.compapp.catd.ConfiguredTest" name="CopyNCNameInvoke" time="2.98" />
  <testcase classname="org.netbeans.modules.compapp.catd.ConfiguredTest" name="CopyNameInvoke" time="2.986" />
  <testcase classname="org.netbeans.modules.compapp.catd.ConfiguredTest" name="CopyOptionalRepeatInvoke" time="2.955" />
  <testcase classname="org.netbeans.modules.compapp.catd.ConfiguredTest" name="CopyQNameInvoke" time="2.945" />
  <testcase classname="org.netbeans.modules.compapp.catd.ConfiguredTest" name="CopyanyURIInvoke" time="2.929" />
  <testcase classname="org.netbeans.modules.compapp.catd.ConfiguredTest" name="Copybase64BinaryInvoke" time="0.346" />
  <testcase classname="org.netbeans.modules.compapp.catd.ConfiguredTest" name="CopybooleanInvoke" time="2.819" />
  <testcase classname="org.netbeans.modules.compapp.catd.ConfiguredTest" name="CopybyteInvoke" time="2.788" />
  <testcase classname="org.netbeans.modules.compapp.catd.ConfiguredTest" name="CopydateInvoke" time="2.899" />
  <testcase classname="org.netbeans.modules.compapp.catd.ConfiguredTest" name="CopydateTimeInvoke" time="2.988" />
  <testcase classname="org.netbeans.modules.compapp.catd.ConfiguredTest" name="CopydecimalInvoke" time="3.028" />
  <testcase classname="org.netbeans.modules.compapp.catd.ConfiguredTest" name="CopydoubleInvoke" time="2.949" />
  <testcase classname="org.netbeans.modules.compapp.catd.ConfiguredTest" name="CopydurationInvoke" time="2.902" />
  <testcase classname="org.netbeans.modules.compapp.catd.ConfiguredTest" name="CopyfloatInvoke" time="2.824" />
  <testcase classname="org.netbeans.modules.compapp.catd.ConfiguredTest" name="CopygDayInvoke" time="2.869" />
  <testcase classname="org.netbeans.modules.compapp.catd.ConfiguredTest" name="CopygMonthDayInvoke" time="2.87" />
  <testcase classname="org.netbeans.modules.compapp.catd.ConfiguredTest" name="CopygMonthInvoke" time="2.972" />
  <testcase classname="org.netbeans.modules.compapp.catd.ConfiguredTest" name="CopygYearInvoke" time="2.952" />
  <testcase classname="org.netbeans.modules.compapp.catd.ConfiguredTest" name="CopygYearMonthInvoke" time="2.89" />
  <testcase classname="org.netbeans.modules.compapp.catd.ConfiguredTest" name="CopyhexBinaryInvoke" time="2.911" />
  <testcase classname="org.netbeans.modules.compapp.catd.ConfiguredTest" name="CopyidInvoke" time="0.0010" />
  <testcase classname="org.netbeans.modules.compapp.catd.ConfiguredTest" name="CopyintInvoke" time="2.891" />
  <testcase classname="org.netbeans.modules.compapp.catd.ConfiguredTest" name="CopyintegerInvoke" time="2.98" />
  <testcase classname="org.netbeans.modules.compapp.catd.ConfiguredTest" name="CopylanguageInvoke" time="2.923" />
  <testcase classname="org.netbeans.modules.compapp.catd.ConfiguredTest" name="CopylongInvoke" time="2.881" />
  <testcase classname="org.netbeans.modules.compapp.catd.ConfiguredTest" name="CopynegativeIntegerInvoke" time="2.885" />
  <testcase classname="org.netbeans.modules.compapp.catd.ConfiguredTest" name="CopynormalizedStringInvoke" time="2.805" />
  <testcase classname="org.netbeans.modules.compapp.catd.ConfiguredTest" name="CopypositiveIntegerInvoke" time="2.899" />
  <testcase classname="org.netbeans.modules.compapp.catd.ConfiguredTest" name="CopyshortInvoke" time="2.926" />
  <testcase classname="org.netbeans.modules.compapp.catd.ConfiguredTest" name="CopystringInvoke" time="2.902" />
  <testcase classname="org.netbeans.modules.compapp.catd.ConfiguredTest" name="CopytimeInvoke" time="3.039" />
  <testcase classname="org.netbeans.modules.compapp.catd.ConfiguredTest" name="CopyunsignedByteInvoke" time="2.949" />
  <testcase classname="org.netbeans.modules.compapp.catd.ConfiguredTest" name="CopyunsignedIntInvoke" time="3.136" />
  <testcase classname="org.netbeans.modules.compapp.catd.ConfiguredTest" name="CopyunsignedLongInvoke" time="3.065" />
  <testcase classname="org.netbeans.modules.compapp.catd.ConfiguredTest" name="CopyunsignedShortInvoke" time="2.926" />
  <testcase classname="org.netbeans.modules.compapp.catd.ConfiguredTest" name="EmptyLiteral" time="0.35" />
  <testcase classname="org.netbeans.modules.compapp.catd.ConfiguredTest" name="ErroneousExpr" time="0.365" />
  <testcase classname="org.netbeans.modules.compapp.catd.ConfiguredTest" name="GlobalAndLocalAttributes" time="3.095" />
  <testcase classname="org.netbeans.modules.compapp.catd.ConfiguredTest" name="IgnoreMissingFromData1" time="0.355" />
  <testcase classname="org.netbeans.modules.compapp.catd.ConfiguredTest" name="IgnoreMissingFromData2" time="0.35" />
  <testcase classname="org.netbeans.modules.compapp.catd.ConfiguredTest" name="IgnoreMissingFromData3" time="0.36" />
  <testcase classname="org.netbeans.modules.compapp.catd.ConfiguredTest" name="IgnoreMissingFromData4" time="0.362" />
  <testcase classname="org.netbeans.modules.compapp.catd.ConfiguredTest" name="IgnoreMissingFromData5" time="0.357" />
  <testcase classname="org.netbeans.modules.compapp.catd.ConfiguredTest" name="QueryWithNamespace1" time="3.084" />
  <testcase classname="org.netbeans.modules.compapp.catd.ConfiguredTest" name="SpecExampleAttrToAttr" time="3.831" />
  <testcase classname="org.netbeans.modules.compapp.catd.ConfiguredTest" name="SpecExampleAttrToElem" time="2.999" />
  <testcase classname="org.netbeans.modules.compapp.catd.ConfiguredTest" name="SpecExampleAttrToText" time="3.056" />
  <testcase classname="org.netbeans.modules.compapp.catd.ConfiguredTest" name="SpecExampleElemToAttr" time="2.873" />
  <testcase classname="org.netbeans.modules.compapp.catd.ConfiguredTest" name="SpecExampleElemToElem" time="2.961" />
  <testcase classname="org.netbeans.modules.compapp.catd.ConfiguredTest" name="SpecExampleElemToText" time="2.919" />
  <testcase classname="org.netbeans.modules.compapp.catd.ConfiguredTest" name="SpecExampleTextToAttr" time="3.29" />
  <testcase classname="org.netbeans.modules.compapp.catd.ConfiguredTest" name="SpecExampleTextToElem" time="3.364" />
  <testcase classname="org.netbeans.modules.compapp.catd.ConfiguredTest" name="SpecExampleTextToText" time="2.938" />
  <testcase classname="org.netbeans.modules.compapp.catd.ConfiguredTest" name="TestCaseBooleanTestFalse" time="0.343" />
  <testcase classname="org.netbeans.modules.compapp.catd.ConfiguredTest" name="TestCaseBooleanTestTrue" time="0.343" />
  <testcase classname="org.netbeans.modules.compapp.catd.ConfiguredTest" name="byteGreaterEqualInvoke" time="2.855" />
  <testcase classname="org.netbeans.modules.compapp.catd.ConfiguredTest" name="byteGreaterInvoke" time="2.937" />
  <testcase classname="org.netbeans.modules.compapp.catd.ConfiguredTest" name="byteaddInvoke" time="2.848" />
  <testcase classname="org.netbeans.modules.compapp.catd.ConfiguredTest" name="bytedivInvoke" time="2.915" />
  <testcase classname="org.netbeans.modules.compapp.catd.ConfiguredTest" name="bytemodInvoke" time="2.86" />
  <testcase classname="org.netbeans.modules.compapp.catd.ConfiguredTest" name="bytemultInvoke" time="3.103" />
  <testcase classname="org.netbeans.modules.compapp.catd.ConfiguredTest" name="bytenegInvoke" time="2.865" />
  <testcase classname="org.netbeans.modules.compapp.catd.ConfiguredTest" name="bytesubInvoke" time="2.94" />
  <testcase classname="org.netbeans.modules.compapp.catd.ConfiguredTest" name="copyRepeatingNodesUsingPredicate" time="0.35" />
  <testcase classname="org.netbeans.modules.compapp.catd.ConfiguredTest" name="decimalGreaterEqualInvoke" time="2.942" />
  <testcase classname="org.netbeans.modules.compapp.catd.ConfiguredTest" name="decimalGreaterInvoke" time="2.752" />
  <testcase classname="org.netbeans.modules.compapp.catd.ConfiguredTest" name="decimaladdInvoke" time="2.955" />
  <testcase classname="org.netbeans.modules.compapp.catd.ConfiguredTest" name="decimaldivInvoke" time="2.765" />
  <testcase classname="org.netbeans.modules.compapp.catd.ConfiguredTest" name="decimalmodInvoke" time="2.93" />
  <testcase classname="org.netbeans.modules.compapp.catd.ConfiguredTest" name="decimalmultInvoke" time="2.787" />
  <testcase classname="org.netbeans.modules.compapp.catd.ConfiguredTest" name="decimalnegInvoke" time="2.94" />
  <testcase classname="org.netbeans.modules.compapp.catd.ConfiguredTest" name="decimalsubInvoke" time="2.997" />
  <testcase classname="org.netbeans.modules.compapp.catd.ConfiguredTest" name="documentMultiNS" time="0.0030" />
  <testcase classname="org.netbeans.modules.compapp.catd.ConfiguredTest" name="echoAnyURIDataType_Invoke" time="3.13" />
  <testcase classname="org.netbeans.modules.compapp.catd.ConfiguredTest" name="echoBase64BinaryDataType_Invoke" time="3.172" />
  <testcase classname="org.netbeans.modules.compapp.catd.ConfiguredTest" name="echoBooleanDataType_Invoke" time="3.068" />
  <testcase classname="org.netbeans.modules.compapp.catd.ConfiguredTest" name="echoBooleanDecInvoke" time="3.003" />
  <testcase classname="org.netbeans.modules.compapp.catd.ConfiguredTest" name="echoBooleanEmptyInvoke" time="2.797" />
  <testcase classname="org.netbeans.modules.compapp.catd.ConfiguredTest" name="echoBooleanInvoke" time="2.862" />
  <testcase classname="org.netbeans.modules.compapp.catd.ConfiguredTest" name="echoBooleanNegDecInvoke" time="2.887" />
  <testcase classname="org.netbeans.modules.compapp.catd.ConfiguredTest" name="echoBooleanNegInvoke" time="2.927" />
  <testcase classname="org.netbeans.modules.compapp.catd.ConfiguredTest" name="echoBooleanStringInvoke" time="3.11" />
  <testcase classname="org.netbeans.modules.compapp.catd.ConfiguredTest" name="echoBooleanZeroInvoke" time="2.986" />
  <testcase classname="org.netbeans.modules.compapp.catd.ConfiguredTest" name="echoByteDataType_Invoke" time="2.948" />
  <testcase classname="org.netbeans.modules.compapp.catd.ConfiguredTest" name="echoCeilingDecInvoke" time="2.879" />
  <testcase classname="org.netbeans.modules.compapp.catd.ConfiguredTest" name="echoCeilingIntInvoke" time="2.923" />
  <testcase classname="org.netbeans.modules.compapp.catd.ConfiguredTest" name="echoCeilingInvoke" time="2.9" />
  <testcase classname="org.netbeans.modules.compapp.catd.ConfiguredTest" name="echoCeilingNaNInvoke" time="2.869" />
  <testcase classname="org.netbeans.modules.compapp.catd.ConfiguredTest" name="echoCeilingNegIntInvoke" time="2.98" />
  <testcase classname="org.netbeans.modules.compapp.catd.ConfiguredTest" name="echoCeilingZeroInvoke" time="2.868" />
  <testcase classname="org.netbeans.modules.compapp.catd.ConfiguredTest" name="echoConcat2_Invoke" time="2.885" />
  <testcase classname="org.netbeans.modules.compapp.catd.ConfiguredTest" name="echoConcat_Invoke" time="2.862" />
  <testcase classname="org.netbeans.modules.compapp.catd.ConfiguredTest" name="echoContains2Invoke" time="2.871" />
  <testcase classname="org.netbeans.modules.compapp.catd.ConfiguredTest" name="echoContainsEmptyInvoke" time="2.902" />
  <testcase classname="org.netbeans.modules.compapp.catd.ConfiguredTest" name="echoContainsInvoke" time="2.942" />
  <testcase classname="org.netbeans.modules.compapp.catd.ConfiguredTest" name="echoCopyFromInvoke" time="2.909" />
  <testcase classname="org.netbeans.modules.compapp.catd.ConfiguredTest" name="echoCountInvoke" time="2.914" />
  <testcase classname="org.netbeans.modules.compapp.catd.ConfiguredTest" name="echoDateDataType_Invoke" time="3.12" />
  <testcase classname="org.netbeans.modules.compapp.catd.ConfiguredTest" name="echoDateTimeDataType_Invoke" time="3.146" />
  <testcase classname="org.netbeans.modules.compapp.catd.ConfiguredTest" name="echoDecimalDataType_Invoke" time="3.022" />
  <testcase classname="org.netbeans.modules.compapp.catd.ConfiguredTest" name="echoDoubleDataType_Invoke" time="3.153" />
  <testcase classname="org.netbeans.modules.compapp.catd.ConfiguredTest" name="echoDurationDataType_Invoke" time="3.138" />
  <testcase classname="org.netbeans.modules.compapp.catd.ConfiguredTest" name="echoENTITIESDataType_Invoke" time="3.131" />
  <testcase classname="org.netbeans.modules.compapp.catd.ConfiguredTest" name="echoENTITYDataType_Invoke" time="2.992" />
  <testcase classname="org.netbeans.modules.compapp.catd.ConfiguredTest" name="echoFalseInvoke" time="2.854" />
  <testcase classname="org.netbeans.modules.compapp.catd.ConfiguredTest" name="echoFloatDataType_Invoke" time="3.077" />
  <testcase classname="org.netbeans.modules.compapp.catd.ConfiguredTest" name="echoFloorDecInvoke" time="2.828" />
  <testcase classname="org.netbeans.modules.compapp.catd.ConfiguredTest" name="echoFloorInvoke" time="2.805" />
  <testcase classname="org.netbeans.modules.compapp.catd.ConfiguredTest" name="echoFloorNaNInvoke" time="2.81" />
  <testcase classname="org.netbeans.modules.compapp.catd.ConfiguredTest" name="echoFloorNegIntInvoke" time="2.906" />
  <testcase classname="org.netbeans.modules.compapp.catd.ConfiguredTest" name="echoFloorNegInvoke" time="2.859" />
  <testcase classname="org.netbeans.modules.compapp.catd.ConfiguredTest" name="echoFloorZeroInvoke" time="2.907" />
  <testcase classname="org.netbeans.modules.compapp.catd.ConfiguredTest" name="echoGDayDataType_Invoke" time="3.103" />
  <testcase classname="org.netbeans.modules.compapp.catd.ConfiguredTest" name="echoGMonthDataType_Invoke" time="3.092" />
  <testcase classname="org.netbeans.modules.compapp.catd.ConfiguredTest" name="echoGMonthDayDataType_Invoke" time="2.952" />
  <testcase classname="org.netbeans.modules.compapp.catd.ConfiguredTest" name="echoGYearDataType_Invoke" time="3.167" />
  <testcase classname="org.netbeans.modules.compapp.catd.ConfiguredTest" name="echoGYearMonthDataType_Invoke" time="3.19" />
  <testcase classname="org.netbeans.modules.compapp.catd.ConfiguredTest" name="echoHexBinaryDataType_Invoke" time="3.194" />
  <testcase classname="org.netbeans.modules.compapp.catd.ConfiguredTest" name="echoIDDataType_Invoke" time="3.083" />
  <testcase classname="org.netbeans.modules.compapp.catd.ConfiguredTest" name="echoIDREFDataType_Invoke" time="3.128" />
  <testcase classname="org.netbeans.modules.compapp.catd.ConfiguredTest" name="echoIDREFSDataType_Invoke" time="3.122" />
  <testcase classname="org.netbeans.modules.compapp.catd.ConfiguredTest" name="echoIntDataType_Invoke" time="3.046" />
  <testcase classname="org.netbeans.modules.compapp.catd.ConfiguredTest" name="echoIntegerDataType_Invoke" time="3.321" />
  <testcase classname="org.netbeans.modules.compapp.catd.ConfiguredTest" name="echoLangInvoke" time="2.94" />
  <testcase classname="org.netbeans.modules.compapp.catd.ConfiguredTest" name="echoLangNegInvoke" time="2.945" />
  <testcase classname="org.netbeans.modules.compapp.catd.ConfiguredTest" name="echoLanguageDataType_Invoke" time="2.988" />
  <testcase classname="org.netbeans.modules.compapp.catd.ConfiguredTest" name="echoLocalNameInvoke" time="0.0010" />
  <testcase classname="org.netbeans.modules.compapp.catd.ConfiguredTest" name="echoLongDataType_Invoke" time="3.176" />
  <testcase classname="org.netbeans.modules.compapp.catd.ConfiguredTest" name="echoMultiplyInvoke" time="2.89" />
  <testcase classname="org.netbeans.modules.compapp.catd.ConfiguredTest" name="echoNCNameDataType_Invoke" time="3.192" />
  <testcase classname="org.netbeans.modules.compapp.catd.ConfiguredTest" name="echoNMTOKENDataType_Invoke" time="3.072" />
  <testcase classname="org.netbeans.modules.compapp.catd.ConfiguredTest" name="echoNMTOKENSDataType_Invoke" time="3.083" />
  <testcase classname="org.netbeans.modules.compapp.catd.ConfiguredTest" name="echoNameDataType_Invoke" time="3.171" />
  <testcase classname="org.netbeans.modules.compapp.catd.ConfiguredTest" name="echoNameInvoke" time="0.0" />
  <testcase classname="org.netbeans.modules.compapp.catd.ConfiguredTest" name="echoNegativeIntegerDataType_Invoke" time="3.033" />
  <testcase classname="org.netbeans.modules.compapp.catd.ConfiguredTest" name="echoNonNegativeIntegerDataType_Invoke" time="3.194" />
  <testcase classname="org.netbeans.modules.compapp.catd.ConfiguredTest" name="echoNonPositiveIntegerDataType_Invoke" time="3.08" />
  <testcase classname="org.netbeans.modules.compapp.catd.ConfiguredTest" name="echoNormalizeSpaceInvoke" time="2.824" />
  <testcase classname="org.netbeans.modules.compapp.catd.ConfiguredTest" name="echoNormalizeSpace_emptyInvoke" time="2.94" />
  <testcase classname="org.netbeans.modules.compapp.catd.ConfiguredTest" name="echoNormalizeSpace_noSpaceInvoke" time="2.908" />
  <testcase classname="org.netbeans.modules.compapp.catd.ConfiguredTest" name="echoNormalizeSpace_stringWspacesInvoke" time="2.957" />
  <testcase classname="org.netbeans.modules.compapp.catd.ConfiguredTest" name="echoNormalizedStringDataType_Invoke" time="3.094" />
  <testcase classname="org.netbeans.modules.compapp.catd.ConfiguredTest" name="echoNotFalseInvoke" time="2.852" />
  <testcase classname="org.netbeans.modules.compapp.catd.ConfiguredTest" name="echoNotInvoke" time="2.92" />
  <testcase classname="org.netbeans.modules.compapp.catd.ConfiguredTest" name="echoNot_StringInvoke" time="2.939" />
  <testcase classname="org.netbeans.modules.compapp.catd.ConfiguredTest" name="echoNot_emptyStringInvoke" time="2.967" />
  <testcase classname="org.netbeans.modules.compapp.catd.ConfiguredTest" name="echoNumberInvoke" time="2.941" />
  <testcase classname="org.netbeans.modules.compapp.catd.ConfiguredTest" name="echoNumberLiteralInvoke" time="2.899" />
  <testcase classname="org.netbeans.modules.compapp.catd.ConfiguredTest" name="echoNumberNegInvoke" time="2.834" />
  <testcase classname="org.netbeans.modules.compapp.catd.ConfiguredTest" name="echoPositiveIntegerDataType_Invoke" time="3.096" />
  <testcase classname="org.netbeans.modules.compapp.catd.ConfiguredTest" name="echoQNameDataType_Invoke" time="3.029" />
  <testcase classname="org.netbeans.modules.compapp.catd.ConfiguredTest" name="echoRoundBigDecimalBigger1E16GTInvoke" time="0.0010" />
  <testcase classname="org.netbeans.modules.compapp.catd.ConfiguredTest" name="echoRoundBigDecimalBigger1E16LTInvoke" time="0.0010" />
  <testcase classname="org.netbeans.modules.compapp.catd.ConfiguredTest" name="echoRoundIntInvoke" time="2.946" />
  <testcase classname="org.netbeans.modules.compapp.catd.ConfiguredTest" name="echoRoundInvoke" time="2.907" />
  <testcase classname="org.netbeans.modules.compapp.catd.ConfiguredTest" name="echoRoundLongInvoke" time="0.0010" />
  <testcase classname="org.netbeans.modules.compapp.catd.ConfiguredTest" name="echoRoundNegDecimalInvoke" time="2.93" />
  <testcase classname="org.netbeans.modules.compapp.catd.ConfiguredTest" name="echoRoundNegIntInvoke" time="2.883" />
  <testcase classname="org.netbeans.modules.compapp.catd.ConfiguredTest" name="echoRoundNegInvoke" time="2.965" />
  <testcase classname="org.netbeans.modules.compapp.catd.ConfiguredTest" name="echoRoundZeroInvoke" time="2.868" />
  <testcase classname="org.netbeans.modules.compapp.catd.ConfiguredTest" name="echoShortDataType_Invoke" time="2.963" />
  <testcase classname="org.netbeans.modules.compapp.catd.ConfiguredTest" name="echoStartsWithEmpty_Invoke" time="2.901" />
  <testcase classname="org.netbeans.modules.compapp.catd.ConfiguredTest" name="echoStartsWithNotIn_Invoke" time="3.006" />
  <testcase classname="org.netbeans.modules.compapp.catd.ConfiguredTest" name="echoStartsWith_Invoke" time="2.886" />
  <testcase classname="org.netbeans.modules.compapp.catd.ConfiguredTest" name="echoString0Invoke" time="2.872" />
  <testcase classname="org.netbeans.modules.compapp.catd.ConfiguredTest" name="echoStringDataType_Invoke" time="3.125" />
  <testcase classname="org.netbeans.modules.compapp.catd.ConfiguredTest" name="echoStringEmptyInvoke" time="2.832" />
  <testcase classname="org.netbeans.modules.compapp.catd.ConfiguredTest" name="echoStringInvoke" time="3.007" />
  <testcase classname="org.netbeans.modules.compapp.catd.ConfiguredTest" name="echoStringLengthInvoke" time="3.038" />
  <testcase classname="org.netbeans.modules.compapp.catd.ConfiguredTest" name="echoStringLength_emptyInvoke" time="3.047" />
  <testcase classname="org.netbeans.modules.compapp.catd.ConfiguredTest" name="echoSubstring1Invoke" time="3.037" />
  <testcase classname="org.netbeans.modules.compapp.catd.ConfiguredTest" name="echoSubstringAfterEmptyInvoke" time="3.183" />
  <testcase classname="org.netbeans.modules.compapp.catd.ConfiguredTest" name="echoSubstringAfterInvoke" time="3.048" />
  <testcase classname="org.netbeans.modules.compapp.catd.ConfiguredTest" name="echoSubstringAfterNotInInvoke" time="3.021" />
  <testcase classname="org.netbeans.modules.compapp.catd.ConfiguredTest" name="echoSubstringBeforeEmptyInvoke" time="2.886" />
  <testcase classname="org.netbeans.modules.compapp.catd.ConfiguredTest" name="echoSubstringBeforeInvoke" time="2.829" />
  <testcase classname="org.netbeans.modules.compapp.catd.ConfiguredTest" name="echoSubstringBefore_notInInvoke" time="2.995" />
  <testcase classname="org.netbeans.modules.compapp.catd.ConfiguredTest" name="echoSubstringInvoke" time="2.988" />
  <testcase classname="org.netbeans.modules.compapp.catd.ConfiguredTest" name="echoSubstringNumANumBInvoke" time="0.0010" />
  <testcase classname="org.netbeans.modules.compapp.catd.ConfiguredTest" name="echoSubstringWithoutSoapActionInvoke" time="0.0010" />
  <testcase classname="org.netbeans.modules.compapp.catd.ConfiguredTest" name="echoSumInvoke" time="3.01" />
  <testcase classname="org.netbeans.modules.compapp.catd.ConfiguredTest" name="echoSumNegDecimalInvoke" time="2.994" />
  <testcase classname="org.netbeans.modules.compapp.catd.ConfiguredTest" name="echoSumZeroInvoke" time="2.868" />
  <testcase classname="org.netbeans.modules.compapp.catd.ConfiguredTest" name="echoTimeDataType_Invoke" time="3.08" />
  <testcase classname="org.netbeans.modules.compapp.catd.ConfiguredTest" name="echoTokenDataType_Invoke" time="3.236" />
  <testcase classname="org.netbeans.modules.compapp.catd.ConfiguredTest" name="echoTranslate_Invoke" time="0.0010" />
  <testcase classname="org.netbeans.modules.compapp.catd.ConfiguredTest" name="echoTrueInvoke" time="2.963" />
  <testcase classname="org.netbeans.modules.compapp.catd.ConfiguredTest" name="echoUnsignedByteDataType_Invoke" time="3.087" />
  <testcase classname="org.netbeans.modules.compapp.catd.ConfiguredTest" name="echoUnsignedIntDataType_Invoke" time="3.203" />
  <testcase classname="org.netbeans.modules.compapp.catd.ConfiguredTest" name="echoUnsignedLongDataType_Invoke" time="3.227" />
  <testcase classname="org.netbeans.modules.compapp.catd.ConfiguredTest" name="echoUnsignedShortDataType_Invoke" time="3.089" />
  <testcase classname="org.netbeans.modules.compapp.catd.ConfiguredTest" name="intGreaterEqualInvoke" time="3.05" />
  <testcase classname="org.netbeans.modules.compapp.catd.ConfiguredTest" name="intGreaterInvoke" time="2.998" />
  <testcase classname="org.netbeans.modules.compapp.catd.ConfiguredTest" name="intaddInvoke" time="2.987" />
  <testcase classname="org.netbeans.modules.compapp.catd.ConfiguredTest" name="intdivInvoke" time="2.856" />
  <testcase classname="org.netbeans.modules.compapp.catd.ConfiguredTest" name="integerGreaterEqualInvoke" time="2.904" />
  <testcase classname="org.netbeans.modules.compapp.catd.ConfiguredTest" name="integerGreaterInvoke" time="2.96" />
  <testcase classname="org.netbeans.modules.compapp.catd.ConfiguredTest" name="integeraddInvoke" time="3.023" />
  <testcase classname="org.netbeans.modules.compapp.catd.ConfiguredTest" name="integerdivInvoke" time="2.984" />
  <testcase classname="org.netbeans.modules.compapp.catd.ConfiguredTest" name="integermodInvoke" time="3.091" />
  <testcase classname="org.netbeans.modules.compapp.catd.ConfiguredTest" name="integermultInvoke" time="3.046" />
  <testcase classname="org.netbeans.modules.compapp.catd.ConfiguredTest" name="integernegInvoke" time="2.996" />
  <testcase classname="org.netbeans.modules.compapp.catd.ConfiguredTest" name="integersubInvoke" time="3.005" />
  <testcase classname="org.netbeans.modules.compapp.catd.ConfiguredTest" name="intmodInvoke" time="3.082" />
  <testcase classname="org.netbeans.modules.compapp.catd.ConfiguredTest" name="intmultInvoke" time="2.855" />
  <testcase classname="org.netbeans.modules.compapp.catd.ConfiguredTest" name="intnegInvoke" time="2.986" />
  <testcase classname="org.netbeans.modules.compapp.catd.ConfiguredTest" name="intsubInvoke" time="3.042" />
  <testcase classname="org.netbeans.modules.compapp.catd.ConfiguredTest" name="longGreaterEqualInvoke" time="3.065" />
  <testcase classname="org.netbeans.modules.compapp.catd.ConfiguredTest" name="longGreaterInvoke" time="2.973" />
  <testcase classname="org.netbeans.modules.compapp.catd.ConfiguredTest" name="longNegInvoke" time="2.975" />
  <testcase classname="org.netbeans.modules.compapp.catd.ConfiguredTest" name="longaddInvoke" time="3.0" />
  <testcase classname="org.netbeans.modules.compapp.catd.ConfiguredTest" name="longdivInvoke" time="3.003" />
  <testcase classname="org.netbeans.modules.compapp.catd.ConfiguredTest" name="longmodInvoke" time="2.92" />
  <testcase classname="org.netbeans.modules.compapp.catd.ConfiguredTest" name="longmultInvoke" time="2.897" />
  <testcase classname="org.netbeans.modules.compapp.catd.ConfiguredTest" name="longsubInvoke" time="3.003" />
  <testcase classname="org.netbeans.modules.compapp.catd.ConfiguredTest" name="shortGreaterEqualInvoke" time="2.987" />
  <testcase classname="org.netbeans.modules.compapp.catd.ConfiguredTest" name="shortGreaterInvoke" time="2.933" />
  <testcase classname="org.netbeans.modules.compapp.catd.ConfiguredTest" name="shortNegInvoke" time="3.319" />
  <testcase classname="org.netbeans.modules.compapp.catd.ConfiguredTest" name="shortaddInvoke" time="3.164" />
  <testcase classname="org.netbeans.modules.compapp.catd.ConfiguredTest" name="shortdivInvoke" time="2.993" />
  <testcase classname="org.netbeans.modules.compapp.catd.ConfiguredTest" name="shortmodInvoke" time="2.843" />
  <testcase classname="org.netbeans.modules.compapp.catd.ConfiguredTest" name="shortmultInvoke" time="3.007" />
  <testcase classname="org.netbeans.modules.compapp.catd.ConfiguredTest" name="shortsubInvoke" time="3.122" />
  <testcase classname="org.netbeans.modules.compapp.catd.ConfiguredTest" name="simpExpr" time="0.437" />
  <testcase classname="org.netbeans.modules.compapp.catd.ConfiguredTest" name="testTrailingZeros" time="0.39" />
  <testcase classname="org.netbeans.modules.compapp.catd.ConfiguredTest" name="testforCR6470807" time="0.376" />
  <system-out><![CDATA[{java.runtime.name=Java(TM) 2 Runtime Environment, Standard Edition, sun.boot.library.path=C:\Program Files\Java\jdk1.5.0_17\jre\bin, java.vm.version=1.5.0_17-b04, java.vm.vendor=Sun Microsystems Inc., java.vendor.url=http://java.sun.com/, path.separator=;, java.vm.name=Java HotSpot(TM) Client VM, file.encoding.pkg=sun.io, sun.java.launcher=SUN_STANDARD, user.country=US, sun.os.patch.level=, java.vm.specification.name=Java Virtual Machine Specification, user.dir=C:\workspace\openjbi\open-jbi-components\driver-tests\bpelse\assign\AssignJbi, java.runtime.version=1.5.0_17-b04, java.awt.graphicsenv=sun.awt.Win32GraphicsEnvironment, java.endorsed.dirs=C:\Program Files\Java\jdk1.5.0_17\jre\lib\endorsed, os.arch=x86, java.io.tmpdir=C:\Users\VMULAK~2\AppData\Local\Temp\, line.separator=
, java.vm.specification.vendor=Sun Microsystems Inc., user.variant=, os.name=Windows Vista, sun.jnu.encoding=Cp1252, java.library.path=C:\Program Files\Java\jdk1.5.0_17\jre\bin;.;C:\Windows\system32;C:\Windows;C:\PROGRA~1\GTK\bin;C:\Windows\system32;C:\Windows;C:\Windows\System32\Wbem;C:\Program Files\Intel\DMIX;C:\Program Files\Intel\WiFi\bin\;C:\Program Files\Common Files\Roxio Shared\DLLShared\;C:\Program Files\Common Files\Roxio Shared\9.0\DLLShared\;c:\Program Files\Microsoft SQL Server\100\Tools\Binn\;c:\Program Files\Microsoft SQL Server\100\DTS\Binn\;C:\Windows\System32\WindowsPowerShell\v1.0\;C:\Program Files\NTRU Cryptosystems\NTRU TCG Software Stack\bin\;C:\Program Files\QuickTime\QTSystem\;C:\Program Files\Apache Software Foundation\apache-maven-2.0.9\bin;C:\Users\vmulakkayala\.bashhome\bin;C:\Program Files\CVS Suite\CVSNT Tools\;C:\Program Files\Python25, java.specification.name=Java Platform API Specification, java.class.version=49.0, sun.management.compiler=HotSpot Client Compiler, os.version=6.1, user.home=C:\Users\vmulakkayala, user.timezone=America/Los_Angeles, java.awt.printerjob=sun.awt.windows.WPrinterJob, file.encoding=Cp1252, java.specification.version=1.5, java.class.path=C:\workspace\nbentpack\build\netbeans\soa2\modules\org-netbeans-modules-compapp-manager-jbi.jar;C:\workspace\nbentpack\build\netbeans\soa2\modules\org-netbeans-modules-compapp-projects-jbi.jar;C:\workspace\nbentpack\build\netbeans\soa2\modules\ext\jbi\jbi-admin-common.jar;C:\workspace\nbentpack\build\netbeans\soa2\modules\ext\jbi\catd.jar;C:\workspace\nbentpack\build\netbeans\java2\modules\ext\junit-3.8.2.jar;C:\workspace\nbentpack\build\netbeans\java2\modules\ext\jaxws21\api\saaj-api.jar;C:\workspace\nbentpack\build\netbeans\java2\modules\ext\jaxws21\saaj-impl.jar;C:\workspace\nbentpack\build\netbeans\java2\modules\ext\jaxws21\FastInfoset.jar;C:\workspace\nbentpack\build\netbeans\ide10\modules\org-netbeans-modules-editor-lib.jar;C:\workspace\nbentpack\build\netbeans\ide10\modules\org-netbeans-modules-editor.jar;C:\workspace\nbentpack\build\netbeans\ide10\modules\org-netbeans-modules-editor-util.jar;C:\workspace\nbentpack\build\netbeans\ide10\modules\org-netbeans-modules-editor-lib2.jar;C:\workspace\nbentpack\build\netbeans\ide10\modules\org-netbeans-modules-editor-indent.jar;C:\workspace\nbentpack\build\netbeans\ide10\modules\org-netbeans-modules-editor-plain.jar;C:\workspace\nbentpack\build\netbeans\ide10\modules\org-netbeans-modules-editor-plain-lib.jar;C:\workspace\nbentpack\build\netbeans\ide10\modules\org-netbeans-modules-editor-settings.jar;C:\workspace\nbentpack\build\netbeans\ide10\modules\org-netbeans-modules-editor-settings-storage.jar;C:\workspace\nbentpack\build\netbeans\ide10\modules\org-netbeans-modules-lexer.jar;C:\workspace\nbentpack\build\netbeans\ide10\modules\org-netbeans-modules-xml-core.jar;C:\workspace\nbentpack\build\netbeans\ide10\modules\org-netbeans-modules-xml-lexer.jar;C:\workspace\nbentpack\build\netbeans\ide10\modules\org-netbeans-modules-xml-text.jar;C:\workspace\nbentpack\build\netbeans\ide10\modules\org-netbeans-modules-xml-xdm.jar;C:\workspace\nbentpack\build\netbeans\ide10\modules\org-netbeans-modules-xml-xam.jar;C:\workspace\nbentpack\build\netbeans\ide10\modules\ext\jaxb\activation.jar;C:\workspace\nbentpack\build\netbeans\platform9\lib\org-openide-modules.jar;C:\workspace\nbentpack\build\netbeans\platform9\lib\org-openide-util.jar;C:\workspace\nbentpack\build\netbeans\platform9\modules\org-openide-options.jar;C:\workspace\nbentpack\build\netbeans\platform9\modules\org-openide-text.jar;C:\workspace\nbentpack\build\netbeans\platform9\modules\org-openide-loaders.jar;C:\workspace\nbentpack\build\netbeans\platform9\modules\org-openide-nodes.jar;C:\workspace\nbentpack\build\netbeans\platform9\modules\org-netbeans-modules-editor-mimelookup.jar;C:\workspace\nbentpack\build\netbeans\platform9\modules\org-netbeans-modules-editor-mimelookup-impl.jar;C:\workspace\nbentpack\build\netbeans\platform9\core\org-openide-filesystems.jar;C:\workspace\openjbi\open-jbi-components\driver-tests\bpelse\assign\AssignJbi;C:\Program Files\Java\jre6\lib\ext\QTJava.zip;C:\workspace\nbentpack\build\netbeans\java2\ant\lib\ant-launcher.jar;C:\workspace\nbentpack\build\netbeans\java2\ant\lib\ant.jar;C:\workspace\nbentpack\build\netbeans\java2\ant\patches\72080.jar, user.name=vmulakkayala, java.vm.specification.version=1.0, java.home=C:\Program Files\Java\jdk1.5.0_17\jre, sun.arch.data.model=32, org.netbeans.modules.compapp.catd.context=, user.language=en, java.specification.vendor=Sun Microsystems Inc., NetBeansUserDir=C:\workspace\nbentpack\build\.netbeans\glassfishesb, awt.toolkit=sun.awt.windows.WToolkit, java.vm.info=mixed mode, java.version=1.5.0_17, java.ext.dirs=C:\Program Files\Java\jdk1.5.0_17\jre\lib\ext, sun.boot.class.path=C:\Program Files\Java\jdk1.5.0_17\jre\lib\rt.jar;C:\Program Files\Java\jdk1.5.0_17\jre\lib\i18n.jar;C:\Program Files\Java\jdk1.5.0_17\jre\lib\sunrsasign.jar;C:\Program Files\Java\jdk1.5.0_17\jre\lib\jsse.jar;C:\Program Files\Java\jdk1.5.0_17\jre\lib\jce.jar;C:\Program Files\Java\jdk1.5.0_17\jre\lib\charsets.jar;C:\Program Files\Java\jdk1.5.0_17\jre\classes, java.vendor=Sun Microsystems Inc., file.separator=\, java.vendor.url.bug=http://java.sun.com/cgi-bin/bugreport.cgi, sun.io.unicode.encoding=UnicodeLittle, sun.cpu.endian=little, sun.desktop=windows, sun.cpu.isalist=pentium_pro+mmx pentium_pro pentium+mmx pentium i486 i386 i86}
Test AssignAndOpFF\Concurrent.properties
Replace '${HttpDefaultPort}' in WSDL soap location by '9080' defined in sun-http-binding.

Replace '${HttpDefaultPort}' in WSDL soap location by '9080' defined in sun-http-binding.

Replace '${HttpDefaultPort}' in WSDL soap location by '9080' defined in sun-http-binding.

Replace '${HttpDefaultPort}' in WSDL soap location by '9080' defined in sun-http-binding.

Replace '${HttpDefaultPort}' in WSDL soap location by '9080' defined in sun-http-binding.

Replace '${HttpDefaultPort}' in WSDL soap location by '9080' defined in sun-http-binding.

Replace '${HttpDefaultPort}' in WSDL soap location by '9080' defined in sun-http-binding.

Replace '${HttpDefaultPort}' in WSDL soap location by '9080' defined in sun-http-binding.

Replace '${HttpDefaultPort}' in WSDL soap location by '9080' defined in sun-http-binding.

Replace '${HttpDefaultPort}' in WSDL soap location by '9080' defined in sun-http-binding.
 Passed. Threads count Success: <10> Error: <0> Not completed: <0> Throughput: <10> invocations in <28.44>s = <0.35161744022503516> invokes/s
Test AssignAndOpFT\Concurrent.properties
Replace '${HttpDefaultPort}' in WSDL soap location by '9080' defined in sun-http-binding.

Replace '${HttpDefaultPort}' in WSDL soap location by '9080' defined in sun-http-binding.

Replace '${HttpDefaultPort}' in WSDL soap location by '9080' defined in sun-http-binding.

Replace '${HttpDefaultPort}' in WSDL soap location by '9080' defined in sun-http-binding.

Replace '${HttpDefaultPort}' in WSDL soap location by '9080' defined in sun-http-binding.

Replace '${HttpDefaultPort}' in WSDL soap location by '9080' defined in sun-http-binding.

Replace '${HttpDefaultPort}' in WSDL soap location by '9080' defined in sun-http-binding.

Replace '${HttpDefaultPort}' in WSDL soap location by '9080' defined in sun-http-binding.

Replace '${HttpDefaultPort}' in WSDL soap location by '9080' defined in sun-http-binding.

Replace '${HttpDefaultPort}' in WSDL soap location by '9080' defined in sun-http-binding.
 Passed. Threads count Success: <10> Error: <0> Not completed: <0> Throughput: <10> invocations in <22.139>s = <0.4516915849857717> invokes/s
Test AssignAndOpTF\Concurrent.properties
Replace '${HttpDefaultPort}' in WSDL soap location by '9080' defined in sun-http-binding.

Replace '${HttpDefaultPort}' in WSDL soap location by '9080' defined in sun-http-binding.

Replace '${HttpDefaultPort}' in WSDL soap location by '9080' defined in sun-http-binding.

Replace '${HttpDefaultPort}' in WSDL soap location by '9080' defined in sun-http-binding.

Replace '${HttpDefaultPort}' in WSDL soap location by '9080' defined in sun-http-binding.

Replace '${HttpDefaultPort}' in WSDL soap location by '9080' defined in sun-http-binding.

Replace '${HttpDefaultPort}' in WSDL soap location by '9080' defined in sun-http-binding.

Replace '${HttpDefaultPort}' in WSDL soap location by '9080' defined in sun-http-binding.

Replace '${HttpDefaultPort}' in WSDL soap location by '9080' defined in sun-http-binding.

Replace '${HttpDefaultPort}' in WSDL soap location by '9080' defined in sun-http-binding.
 Passed. Threads count Success: <10> Error: <0> Not completed: <0> Throughput: <10> invocations in <21.365>s = <0.46805523051720105> invokes/s
Test AssignAndOpTT\Concurrent.properties
Replace '${HttpDefaultPort}' in WSDL soap location by '9080' defined in sun-http-binding.

Replace '${HttpDefaultPort}' in WSDL soap location by '9080' defined in sun-http-binding.

Replace '${HttpDefaultPort}' in WSDL soap location by '9080' defined in sun-http-binding.

Replace '${HttpDefaultPort}' in WSDL soap location by '9080' defined in sun-http-binding.

Replace '${HttpDefaultPort}' in WSDL soap location by '9080' defined in sun-http-binding.

Replace '${HttpDefaultPort}' in WSDL soap location by '9080' defined in sun-http-binding.

Replace '${HttpDefaultPort}' in WSDL soap location by '9080' defined in sun-http-binding.

Replace '${HttpDefaultPort}' in WSDL soap location by '9080' defined in sun-http-binding.

Replace '${HttpDefaultPort}' in WSDL soap location by '9080' defined in sun-http-binding.

Replace '${HttpDefaultPort}' in WSDL soap location by '9080' defined in sun-http-binding.
 Passed. Threads count Success: <10> Error: <0> Not completed: <0> Throughput: <10> invocations in <20.934>s = <0.47769179325499184> invokes/s
Test AssignDurrationFalseInvoke\Concurrent.properties
Replace '${HttpDefaultPort}' in WSDL soap location by '9080' defined in sun-http-binding.

Replace '${HttpDefaultPort}' in WSDL soap location by '9080' defined in sun-http-binding.

Replace '${HttpDefaultPort}' in WSDL soap location by '9080' defined in sun-http-binding.

Replace '${HttpDefaultPort}' in WSDL soap location by '9080' defined in sun-http-binding.

Replace '${HttpDefaultPort}' in WSDL soap location by '9080' defined in sun-http-binding.

Replace '${HttpDefaultPort}' in WSDL soap location by '9080' defined in sun-http-binding.

Replace '${HttpDefaultPort}' in WSDL soap location by '9080' defined in sun-http-binding.

Replace '${HttpDefaultPort}' in WSDL soap location by '9080' defined in sun-http-binding.

Replace '${HttpDefaultPort}' in WSDL soap location by '9080' defined in sun-http-binding.

Replace '${HttpDefaultPort}' in WSDL soap location by '9080' defined in sun-http-binding.
 Passed. Threads count Success: <10> Error: <0> Not completed: <0> Throughput: <10> invocations in <20.606>s = <0.485295544986897> invokes/s
Test AssignDurrationTrueInvoke\Concurrent.properties
Replace '${HttpDefaultPort}' in WSDL soap location by '9080' defined in sun-http-binding.

Replace '${HttpDefaultPort}' in WSDL soap location by '9080' defined in sun-http-binding.

Replace '${HttpDefaultPort}' in WSDL soap location by '9080' defined in sun-http-binding.

Replace '${HttpDefaultPort}' in WSDL soap location by '9080' defined in sun-http-binding.

Replace '${HttpDefaultPort}' in WSDL soap location by '9080' defined in sun-http-binding.

Replace '${HttpDefaultPort}' in WSDL soap location by '9080' defined in sun-http-binding.

Replace '${HttpDefaultPort}' in WSDL soap location by '9080' defined in sun-http-binding.

Replace '${HttpDefaultPort}' in WSDL soap location by '9080' defined in sun-http-binding.

Replace '${HttpDefaultPort}' in WSDL soap location by '9080' defined in sun-http-binding.

Replace '${HttpDefaultPort}' in WSDL soap location by '9080' defined in sun-http-binding.
 Passed. Threads count Success: <10> Error: <0> Not completed: <0> Throughput: <10> invocations in <21.162>s = <0.4725451280597297> invokes/s
Test AssignOrOpFF\Concurrent.properties
Replace '${HttpDefaultPort}' in WSDL soap location by '9080' defined in sun-http-binding.

Replace '${HttpDefaultPort}' in WSDL soap location by '9080' defined in sun-http-binding.

Replace '${HttpDefaultPort}' in WSDL soap location by '9080' defined in sun-http-binding.

Replace '${HttpDefaultPort}' in WSDL soap location by '9080' defined in sun-http-binding.

Replace '${HttpDefaultPort}' in WSDL soap location by '9080' defined in sun-http-binding.

Replace '${HttpDefaultPort}' in WSDL soap location by '9080' defined in sun-http-binding.

Replace '${HttpDefaultPort}' in WSDL soap location by '9080' defined in sun-http-binding.

Replace '${HttpDefaultPort}' in WSDL soap location by '9080' defined in sun-http-binding.

Replace '${HttpDefaultPort}' in WSDL soap location by '9080' defined in sun-http-binding.

Replace '${HttpDefaultPort}' in WSDL soap location by '9080' defined in sun-http-binding.
 Passed. Threads count Success: <10> Error: <0> Not completed: <0> Throughput: <10> invocations in <21.2>s = <0.4716981132075472> invokes/s
Test AssignOrOpFT\Concurrent.properties
Replace '${HttpDefaultPort}' in WSDL soap location by '9080' defined in sun-http-binding.

Replace '${HttpDefaultPort}' in WSDL soap location by '9080' defined in sun-http-binding.

Replace '${HttpDefaultPort}' in WSDL soap location by '9080' defined in sun-http-binding.

Replace '${HttpDefaultPort}' in WSDL soap location by '9080' defined in sun-http-binding.

Replace '${HttpDefaultPort}' in WSDL soap location by '9080' defined in sun-http-binding.

Replace '${HttpDefaultPort}' in WSDL soap location by '9080' defined in sun-http-binding.

Replace '${HttpDefaultPort}' in WSDL soap location by '9080' defined in sun-http-binding.

Replace '${HttpDefaultPort}' in WSDL soap location by '9080' defined in sun-http-binding.

Replace '${HttpDefaultPort}' in WSDL soap location by '9080' defined in sun-http-binding.

Replace '${HttpDefaultPort}' in WSDL soap location by '9080' defined in sun-http-binding.
 Passed. Threads count Success: <10> Error: <0> Not completed: <0> Throughput: <10> invocations in <20.491>s = <0.48801913034990974> invokes/s
Test AssignOrOpTF\Concurrent.properties
Replace '${HttpDefaultPort}' in WSDL soap location by '9080' defined in sun-http-binding.

Replace '${HttpDefaultPort}' in WSDL soap location by '9080' defined in sun-http-binding.

Replace '${HttpDefaultPort}' in WSDL soap location by '9080' defined in sun-http-binding.

Replace '${HttpDefaultPort}' in WSDL soap location by '9080' defined in sun-http-binding.

Replace '${HttpDefaultPort}' in WSDL soap location by '9080' defined in sun-http-binding.

Replace '${HttpDefaultPort}' in WSDL soap location by '9080' defined in sun-http-binding.

Replace '${HttpDefaultPort}' in WSDL soap location by '9080' defined in sun-http-binding.

Replace '${HttpDefaultPort}' in WSDL soap location by '9080' defined in sun-http-binding.

Replace '${HttpDefaultPort}' in WSDL soap location by '9080' defined in sun-http-binding.

Replace '${HttpDefaultPort}' in WSDL soap location by '9080' defined in sun-http-binding.
 Passed. Threads count Success: <10> Error: <0> Not completed: <0> Throughput: <10> invocations in <21.773>s = <0.4592844348505029> invokes/s
Test AssignOrOpTT\Concurrent.properties
Replace '${HttpDefaultPort}' in WSDL soap location by '9080' defined in sun-http-binding.

Replace '${HttpDefaultPort}' in WSDL soap location by '9080' defined in sun-http-binding.

Replace '${HttpDefaultPort}' in WSDL soap location by '9080' defined in sun-http-binding.

Replace '${HttpDefaultPort}' in WSDL soap location by '9080' defined in sun-http-binding.

Replace '${HttpDefaultPort}' in WSDL soap location by '9080' defined in sun-http-binding.

Replace '${HttpDefaultPort}' in WSDL soap location by '9080' defined in sun-http-binding.

Replace '${HttpDefaultPort}' in WSDL soap location by '9080' defined in sun-http-binding.

Replace '${HttpDefaultPort}' in WSDL soap location by '9080' defined in sun-http-binding.

Replace '${HttpDefaultPort}' in WSDL soap location by '9080' defined in sun-http-binding.

Replace '${HttpDefaultPort}' in WSDL soap location by '9080' defined in sun-http-binding.
 Passed. Threads count Success: <10> Error: <0> Not completed: <0> Throughput: <10> invocations in <21.42>s = <0.46685340802987857> invokes/s
Test CopyNCNameInvoke\Concurrent.properties
Replace '${HttpDefaultPort}' in WSDL soap location by '9080' defined in sun-http-binding.

Replace '${HttpDefaultPort}' in WSDL soap location by '9080' defined in sun-http-binding.

Replace '${HttpDefaultPort}' in WSDL soap location by '9080' defined in sun-http-binding.

Replace '${HttpDefaultPort}' in WSDL soap location by '9080' defined in sun-http-binding.

Replace '${HttpDefaultPort}' in WSDL soap location by '9080' defined in sun-http-binding.

Replace '${HttpDefaultPort}' in WSDL soap location by '9080' defined in sun-http-binding.

Replace '${HttpDefaultPort}' in WSDL soap location by '9080' defined in sun-http-binding.

Replace '${HttpDefaultPort}' in WSDL soap location by '9080' defined in sun-http-binding.

Replace '${HttpDefaultPort}' in WSDL soap location by '9080' defined in sun-http-binding.

Replace '${HttpDefaultPort}' in WSDL soap location by '9080' defined in sun-http-binding.
 Passed. Threads count Success: <10> Error: <0> Not completed: <0> Throughput: <10> invocations in <21.915>s = <0.4563084645220169> invokes/s
Test CopyNameInvoke\Concurrent.properties
Replace '${HttpDefaultPort}' in WSDL soap location by '9080' defined in sun-http-binding.

Replace '${HttpDefaultPort}' in WSDL soap location by '9080' defined in sun-http-binding.

Replace '${HttpDefaultPort}' in WSDL soap location by '9080' defined in sun-http-binding.

Replace '${HttpDefaultPort}' in WSDL soap location by '9080' defined in sun-http-binding.

Replace '${HttpDefaultPort}' in WSDL soap location by '9080' defined in sun-http-binding.

Replace '${HttpDefaultPort}' in WSDL soap location by '9080' defined in sun-http-binding.

Replace '${HttpDefaultPort}' in WSDL soap location by '9080' defined in sun-http-binding.

Replace '${HttpDefaultPort}' in WSDL soap location by '9080' defined in sun-http-binding.

Replace '${HttpDefaultPort}' in WSDL soap location by '9080' defined in sun-http-binding.

Replace '${HttpDefaultPort}' in WSDL soap location by '9080' defined in sun-http-binding.
 Passed. Threads count Success: <10> Error: <0> Not completed: <0> Throughput: <10> invocations in <21.994>s = <0.45466945530599256> invokes/s
Test CopyOptionalRepeatInvoke\Concurrent.properties
Replace '${HttpDefaultPort}' in WSDL soap location by '9080' defined in sun-http-binding.

Replace '${HttpDefaultPort}' in WSDL soap location by '9080' defined in sun-http-binding.

Replace '${HttpDefaultPort}' in WSDL soap location by '9080' defined in sun-http-binding.

Replace '${HttpDefaultPort}' in WSDL soap location by '9080' defined in sun-http-binding.

Replace '${HttpDefaultPort}' in WSDL soap location by '9080' defined in sun-http-binding.

Replace '${HttpDefaultPort}' in WSDL soap location by '9080' defined in sun-http-binding.

Replace '${HttpDefaultPort}' in WSDL soap location by '9080' defined in sun-http-binding.

Replace '${HttpDefaultPort}' in WSDL soap location by '9080' defined in sun-http-binding.

Replace '${HttpDefaultPort}' in WSDL soap location by '9080' defined in sun-http-binding.

Replace '${HttpDefaultPort}' in WSDL soap location by '9080' defined in sun-http-binding.
 Passed. Threads count Success: <10> Error: <0> Not completed: <0> Throughput: <10> invocations in <21.813>s = <0.45844221335900615> invokes/s
Test CopyQNameInvoke\Concurrent.properties
Replace '${HttpDefaultPort}' in WSDL soap location by '9080' defined in sun-http-binding.

Replace '${HttpDefaultPort}' in WSDL soap location by '9080' defined in sun-http-binding.

Replace '${HttpDefaultPort}' in WSDL soap location by '9080' defined in sun-http-binding.

Replace '${HttpDefaultPort}' in WSDL soap location by '9080' defined in sun-http-binding.

Replace '${HttpDefaultPort}' in WSDL soap location by '9080' defined in sun-http-binding.

Replace '${HttpDefaultPort}' in WSDL soap location by '9080' defined in sun-http-binding.

Replace '${HttpDefaultPort}' in WSDL soap location by '9080' defined in sun-http-binding.

Replace '${HttpDefaultPort}' in WSDL soap location by '9080' defined in sun-http-binding.

Replace '${HttpDefaultPort}' in WSDL soap location by '9080' defined in sun-http-binding.

Replace '${HttpDefaultPort}' in WSDL soap location by '9080' defined in sun-http-binding.
 Passed. Threads count Success: <10> Error: <0> Not completed: <0> Throughput: <10> invocations in <21.776>s = <0.4592211609110948> invokes/s
Test CopyanyURIInvoke\Concurrent.properties
Replace '${HttpDefaultPort}' in WSDL soap location by '9080' defined in sun-http-binding.

Replace '${HttpDefaultPort}' in WSDL soap location by '9080' defined in sun-http-binding.

Replace '${HttpDefaultPort}' in WSDL soap location by '9080' defined in sun-http-binding.

Replace '${HttpDefaultPort}' in WSDL soap location by '9080' defined in sun-http-binding.

Replace '${HttpDefaultPort}' in WSDL soap location by '9080' defined in sun-http-binding.

Replace '${HttpDefaultPort}' in WSDL soap location by '9080' defined in sun-http-binding.

Replace '${HttpDefaultPort}' in WSDL soap location by '9080' defined in sun-http-binding.


Replace '${HttpDefaultPort}' in WSDL soap location by '9080' defined in sun-http-binding.
Replace '${HttpDefaultPort}' in WSDL soap location by '9080' defined in sun-http-binding.

Replace '${HttpDefaultPort}' in WSDL soap location by '9080' defined in sun-http-binding.
 Passed. Threads count Success: <10> Error: <0> Not completed: <0> Throughput: <10> invocations in <20.808>s = <0.4805843906189927> invokes/s
Test Copybase64BinaryInvoke\Concurrent.properties
Replace '${HttpDefaultPort}' in WSDL soap location by '9080' defined in sun-http-binding.
 Passed. Threads count Success: <1> Error: <0> Not completed: <0> Throughput: <1> invocations in <0.329>s = <3.03951367781155> invokes/s
Test CopybooleanInvoke\Concurrent.properties
Replace '${HttpDefaultPort}' in WSDL soap location by '9080' defined in sun-http-binding.

Replace '${HttpDefaultPort}' in WSDL soap location by '9080' defined in sun-http-binding.

Replace '${HttpDefaultPort}' in WSDL soap location by '9080' defined in sun-http-binding.

Replace '${HttpDefaultPort}' in WSDL soap location by '9080' defined in sun-http-binding.

Replace '${HttpDefaultPort}' in WSDL soap location by '9080' defined in sun-http-binding.

Replace '${HttpDefaultPort}' in WSDL soap location by '9080' defined in sun-http-binding.

Replace '${HttpDefaultPort}' in WSDL soap location by '9080' defined in sun-http-binding.

Replace '${HttpDefaultPort}' in WSDL soap location by '9080' defined in sun-http-binding.

Replace '${HttpDefaultPort}' in WSDL soap location by '9080' defined in sun-http-binding.

Replace '${HttpDefaultPort}' in WSDL soap location by '9080' defined in sun-http-binding.
 Passed. Threads count Success: <10> Error: <0> Not completed: <0> Throughput: <10> invocations in <20.844>s = <0.4797543657647284> invokes/s
Test CopybyteInvoke\Concurrent.properties
Replace '${HttpDefaultPort}' in WSDL soap location by '9080' defined in sun-http-binding.

Replace '${HttpDefaultPort}' in WSDL soap location by '9080' defined in sun-http-binding.

Replace '${HttpDefaultPort}' in WSDL soap location by '9080' defined in sun-http-binding.

Replace '${HttpDefaultPort}' in WSDL soap location by '9080' defined in sun-http-binding.

Replace '${HttpDefaultPort}' in WSDL soap location by '9080' defined in sun-http-binding.

Replace '${HttpDefaultPort}' in WSDL soap location by '9080' defined in sun-http-binding.

Replace '${HttpDefaultPort}' in WSDL soap location by '9080' defined in sun-http-binding.

Replace '${HttpDefaultPort}' in WSDL soap location by '9080' defined in sun-http-binding.

Replace '${HttpDefaultPort}' in WSDL soap location by '9080' defined in sun-http-binding.

Replace '${HttpDefaultPort}' in WSDL soap location by '9080' defined in sun-http-binding.
 Passed. Threads count Success: <10> Error: <0> Not completed: <0> Throughput: <10> invocations in <19.828>s = <0.5043373007867662> invokes/s
Test CopydateInvoke\Concurrent.properties
Replace '${HttpDefaultPort}' in WSDL soap location by '9080' defined in sun-http-binding.

Replace '${HttpDefaultPort}' in WSDL soap location by '9080' defined in sun-http-binding.

Replace '${HttpDefaultPort}' in WSDL soap location by '9080' defined in sun-http-binding.

Replace '${HttpDefaultPort}' in WSDL soap location by '9080' defined in sun-http-binding.

Replace '${HttpDefaultPort}' in WSDL soap location by '9080' defined in sun-http-binding.

Replace '${HttpDefaultPort}' in WSDL soap location by '9080' defined in sun-http-binding.

Replace '${HttpDefaultPort}' in WSDL soap location by '9080' defined in sun-http-binding.

Replace '${HttpDefaultPort}' in WSDL soap location by '9080' defined in sun-http-binding.

Replace '${HttpDefaultPort}' in WSDL soap location by '9080' defined in sun-http-binding.

Replace '${HttpDefaultPort}' in WSDL soap location by '9080' defined in sun-http-binding.
 Passed. Threads count Success: <10> Error: <0> Not completed: <0> Throughput: <10> invocations in <21.306>s = <0.46935135642542003> invokes/s
Test CopydateTimeInvoke\Concurrent.properties
Replace '${HttpDefaultPort}' in WSDL soap location by '9080' defined in sun-http-binding.

Replace '${HttpDefaultPort}' in WSDL soap location by '9080' defined in sun-http-binding.

Replace '${HttpDefaultPort}' in WSDL soap location by '9080' defined in sun-http-binding.

Replace '${HttpDefaultPort}' in WSDL soap location by '9080' defined in sun-http-binding.

Replace '${HttpDefaultPort}' in WSDL soap location by '9080' defined in sun-http-binding.

Replace '${HttpDefaultPort}' in WSDL soap location by '9080' defined in sun-http-binding.

Replace '${HttpDefaultPort}' in WSDL soap location by '9080' defined in sun-http-binding.

Replace '${HttpDefaultPort}' in WSDL soap location by '9080' defined in sun-http-binding.

Replace '${HttpDefaultPort}' in WSDL soap location by '9080' defined in sun-http-binding.

Replace '${HttpDefaultPort}' in WSDL soap location by '9080' defined in sun-http-binding.
 Passed. Threads count Success: <10> Error: <0> Not completed: <0> Throughput: <10> invocations in <22.166>s = <0.4511413877109086> invokes/s
Test CopydecimalInvoke\Concurrent.properties
Replace '${HttpDefaultPort}' in WSDL soap location by '9080' defined in sun-http-binding.

Replace '${HttpDefaultPort}' in WSDL soap location by '9080' defined in sun-http-binding.

Replace '${HttpDefaultPort}' in WSDL soap location by '9080' defined in sun-http-binding.

Replace '${HttpDefaultPort}' in WSDL soap location by '9080' defined in sun-http-binding.

Replace '${HttpDefaultPort}' in WSDL soap location by '9080' defined in sun-http-binding.

Replace '${HttpDefaultPort}' in WSDL soap location by '9080' defined in sun-http-binding.

Replace '${HttpDefaultPort}' in WSDL soap location by '9080' defined in sun-http-binding.

Replace '${HttpDefaultPort}' in WSDL soap location by '9080' defined in sun-http-binding.

Replace '${HttpDefaultPort}' in WSDL soap location by '9080' defined in sun-http-binding.

Replace '${HttpDefaultPort}' in WSDL soap location by '9080' defined in sun-http-binding.
 Passed. Threads count Success: <10> Error: <0> Not completed: <0> Throughput: <10> invocations in <21.882>s = <0.45699661822502513> invokes/s
Test CopydoubleInvoke\Concurrent.properties
Replace '${HttpDefaultPort}' in WSDL soap location by '9080' defined in sun-http-binding.

Replace '${HttpDefaultPort}' in WSDL soap location by '9080' defined in sun-http-binding.

Replace '${HttpDefaultPort}' in WSDL soap location by '9080' defined in sun-http-binding.

Replace '${HttpDefaultPort}' in WSDL soap location by '9080' defined in sun-http-binding.

Replace '${HttpDefaultPort}' in WSDL soap location by '9080' defined in sun-http-binding.

Replace '${HttpDefaultPort}' in WSDL soap location by '9080' defined in sun-http-binding.

Replace '${HttpDefaultPort}' in WSDL soap location by '9080' defined in sun-http-binding.

Replace '${HttpDefaultPort}' in WSDL soap location by '9080' defined in sun-http-binding.

Replace '${HttpDefaultPort}' in WSDL soap location by '9080' defined in sun-http-binding.

Replace '${HttpDefaultPort}' in WSDL soap location by '9080' defined in sun-http-binding.
 Passed. Threads count Success: <10> Error: <0> Not completed: <0> Throughput: <10> invocations in <21.907>s = <0.4564750992833341> invokes/s
Test CopydurationInvoke\Concurrent.properties
Replace '${HttpDefaultPort}' in WSDL soap location by '9080' defined in sun-http-binding.

Replace '${HttpDefaultPort}' in WSDL soap location by '9080' defined in sun-http-binding.

Replace '${HttpDefaultPort}' in WSDL soap location by '9080' defined in sun-http-binding.

Replace '${HttpDefaultPort}' in WSDL soap location by '9080' defined in sun-http-binding.

Replace '${HttpDefaultPort}' in WSDL soap location by '9080' defined in sun-http-binding.

Replace '${HttpDefaultPort}' in WSDL soap location by '9080' defined in sun-http-binding.

Replace '${HttpDefaultPort}' in WSDL soap location by '9080' defined in sun-http-binding.

Replace '${HttpDefaultPort}' in WSDL soap location by '9080' defined in sun-http-binding.

Replace '${HttpDefaultPort}' in WSDL soap location by '9080' defined in sun-http-binding.

Replace '${HttpDefaultPort}' in WSDL soap location by '9080' defined in sun-http-binding.
 Passed. Threads count Success: <10> Error: <0> Not completed: <0> Throughput: <10> invocations in <21.561>s = <0.4638003803163119> invokes/s
Test CopyfloatInvoke\Concurrent.properties
Replace '${HttpDefaultPort}' in WSDL soap location by '9080' defined in sun-http-binding.

Replace '${HttpDefaultPort}' in WSDL soap location by '9080' defined in sun-http-binding.

Replace '${HttpDefaultPort}' in WSDL soap location by '9080' defined in sun-http-binding.

Replace '${HttpDefaultPort}' in WSDL soap location by '9080' defined in sun-http-binding.

Replace '${HttpDefaultPort}' in WSDL soap location by '9080' defined in sun-http-binding.

Replace '${HttpDefaultPort}' in WSDL soap location by '9080' defined in sun-http-binding.

Replace '${HttpDefaultPort}' in WSDL soap location by '9080' defined in sun-http-binding.

Replace '${HttpDefaultPort}' in WSDL soap location by '9080' defined in sun-http-binding.

Replace '${HttpDefaultPort}' in WSDL soap location by '9080' defined in sun-http-binding.

Replace '${HttpDefaultPort}' in WSDL soap location by '9080' defined in sun-http-binding.
 Passed. Threads count Success: <10> Error: <0> Not completed: <0> Throughput: <10> invocations in <20.319>s = <0.4921502042423348> invokes/s
Test CopygDayInvoke\Concurrent.properties
Replace '${HttpDefaultPort}' in WSDL soap location by '9080' defined in sun-http-binding.

Replace '${HttpDefaultPort}' in WSDL soap location by '9080' defined in sun-http-binding.

Replace '${HttpDefaultPort}' in WSDL soap location by '9080' defined in sun-http-binding.

Replace '${HttpDefaultPort}' in WSDL soap location by '9080' defined in sun-http-binding.

Replace '${HttpDefaultPort}' in WSDL soap location by '9080' defined in sun-http-binding.

Replace '${HttpDefaultPort}' in WSDL soap location by '9080' defined in sun-http-binding.

Replace '${HttpDefaultPort}' in WSDL soap location by '9080' defined in sun-http-binding.

Replace '${HttpDefaultPort}' in WSDL soap location by '9080' defined in sun-http-binding.

Replace '${HttpDefaultPort}' in WSDL soap location by '9080' defined in sun-http-binding.

Replace '${HttpDefaultPort}' in WSDL soap location by '9080' defined in sun-http-binding.
 Passed. Threads count Success: <10> Error: <0> Not completed: <0> Throughput: <10> invocations in <21.353>s = <0.46831826909567736> invokes/s
Test CopygMonthDayInvoke\Concurrent.properties
Replace '${HttpDefaultPort}' in WSDL soap location by '9080' defined in sun-http-binding.

Replace '${HttpDefaultPort}' in WSDL soap location by '9080' defined in sun-http-binding.

Replace '${HttpDefaultPort}' in WSDL soap location by '9080' defined in sun-http-binding.

Replace '${HttpDefaultPort}' in WSDL soap location by '9080' defined in sun-http-binding.

Replace '${HttpDefaultPort}' in WSDL soap location by '9080' defined in sun-http-binding.

Replace '${HttpDefaultPort}' in WSDL soap location by '9080' defined in sun-http-binding.

Replace '${HttpDefaultPort}' in WSDL soap location by '9080' defined in sun-http-binding.

Replace '${HttpDefaultPort}' in WSDL soap location by '9080' defined in sun-http-binding.

Replace '${HttpDefaultPort}' in WSDL soap location by '9080' defined in sun-http-binding.

Replace '${HttpDefaultPort}' in WSDL soap location by '9080' defined in sun-http-binding.
 Passed. Threads count Success: <10> Error: <0> Not completed: <0> Throughput: <10> invocations in <20.911>s = <0.478217206255081> invokes/s
Test CopygMonthInvoke\Concurrent.properties
Replace '${HttpDefaultPort}' in WSDL soap location by '9080' defined in sun-http-binding.

Replace '${HttpDefaultPort}' in WSDL soap location by '9080' defined in sun-http-binding.

Replace '${HttpDefaultPort}' in WSDL soap location by '9080' defined in sun-http-binding.

Replace '${HttpDefaultPort}' in WSDL soap location by '9080' defined in sun-http-binding.

Replace '${HttpDefaultPort}' in WSDL soap location by '9080' defined in sun-http-binding.

Replace '${HttpDefaultPort}' in WSDL soap location by '9080' defined in sun-http-binding.

Replace '${HttpDefaultPort}' in WSDL soap location by '9080' defined in sun-http-binding.

Replace '${HttpDefaultPort}' in WSDL soap location by '9080' defined in sun-http-binding.

Replace '${HttpDefaultPort}' in WSDL soap location by '9080' defined in sun-http-binding.

Replace '${HttpDefaultPort}' in WSDL soap location by '9080' defined in sun-http-binding.
 Passed. Threads count Success: <10> Error: <0> Not completed: <0> Throughput: <10> invocations in <21.991>s = <0.4547314810604338> invokes/s
Test CopygYearInvoke\Concurrent.properties
Replace '${HttpDefaultPort}' in WSDL soap location by '9080' defined in sun-http-binding.

Replace '${HttpDefaultPort}' in WSDL soap location by '9080' defined in sun-http-binding.

Replace '${HttpDefaultPort}' in WSDL soap location by '9080' defined in sun-http-binding.

Replace '${HttpDefaultPort}' in WSDL soap location by '9080' defined in sun-http-binding.

Replace '${HttpDefaultPort}' in WSDL soap location by '9080' defined in sun-http-binding.

Replace '${HttpDefaultPort}' in WSDL soap location by '9080' defined in sun-http-binding.

Replace '${HttpDefaultPort}' in WSDL soap location by '9080' defined in sun-http-binding.

Replace '${HttpDefaultPort}' in WSDL soap location by '9080' defined in sun-http-binding.

Replace '${HttpDefaultPort}' in WSDL soap location by '9080' defined in sun-http-binding.

Replace '${HttpDefaultPort}' in WSDL soap location by '9080' defined in sun-http-binding.
 Passed. Threads count Success: <10> Error: <0> Not completed: <0> Throughput: <10> invocations in <20.625>s = <0.48484848484848486> invokes/s
Test CopygYearMonthInvoke\Concurrent.properties
Replace '${HttpDefaultPort}' in WSDL soap location by '9080' defined in sun-http-binding.

Replace '${HttpDefaultPort}' in WSDL soap location by '9080' defined in sun-http-binding.

Replace '${HttpDefaultPort}' in WSDL soap location by '9080' defined in sun-http-binding.

Replace '${HttpDefaultPort}' in WSDL soap location by '9080' defined in sun-http-binding.

Replace '${HttpDefaultPort}' in WSDL soap location by '9080' defined in sun-http-binding.

Replace '${HttpDefaultPort}' in WSDL soap location by '9080' defined in sun-http-binding.

Replace '${HttpDefaultPort}' in WSDL soap location by '9080' defined in sun-http-binding.

Replace '${HttpDefaultPort}' in WSDL soap location by '9080' defined in sun-http-binding.

Replace '${HttpDefaultPort}' in WSDL soap location by '9080' defined in sun-http-binding.

Replace '${HttpDefaultPort}' in WSDL soap location by '9080' defined in sun-http-binding.
 Passed. Threads count Success: <10> Error: <0> Not completed: <0> Throughput: <10> invocations in <20.514>s = <0.4874719703617042> invokes/s
Test CopyhexBinaryInvoke\Concurrent.properties
Replace '${HttpDefaultPort}' in WSDL soap location by '9080' defined in sun-http-binding.

Replace '${HttpDefaultPort}' in WSDL soap location by '9080' defined in sun-http-binding.

Replace '${HttpDefaultPort}' in WSDL soap location by '9080' defined in sun-http-binding.

Replace '${HttpDefaultPort}' in WSDL soap location by '9080' defined in sun-http-binding.

Replace '${HttpDefaultPort}' in WSDL soap location by '9080' defined in sun-http-binding.

Replace '${HttpDefaultPort}' in WSDL soap location by '9080' defined in sun-http-binding.

Replace '${HttpDefaultPort}' in WSDL soap location by '9080' defined in sun-http-binding.

Replace '${HttpDefaultPort}' in WSDL soap location by '9080' defined in sun-http-binding.

Replace '${HttpDefaultPort}' in WSDL soap location by '9080' defined in sun-http-binding.

Replace '${HttpDefaultPort}' in WSDL soap location by '9080' defined in sun-http-binding.
 Passed. Threads count Success: <10> Error: <0> Not completed: <0> Throughput: <10> invocations in <20.757>s = <0.48176518764754056> invokes/s
Test CopyidInvoke\Concurrent.properties in Development
Test CopyintInvoke\Concurrent.properties
Replace '${HttpDefaultPort}' in WSDL soap location by '9080' defined in sun-http-binding.

Replace '${HttpDefaultPort}' in WSDL soap location by '9080' defined in sun-http-binding.

Replace '${HttpDefaultPort}' in WSDL soap location by '9080' defined in sun-http-binding.

Replace '${HttpDefaultPort}' in WSDL soap location by '9080' defined in sun-http-binding.

Replace '${HttpDefaultPort}' in WSDL soap location by '9080' defined in sun-http-binding.

Replace '${HttpDefaultPort}' in WSDL soap location by '9080' defined in sun-http-binding.

Replace '${HttpDefaultPort}' in WSDL soap location by '9080' defined in sun-http-binding.

Replace '${HttpDefaultPort}' in WSDL soap location by '9080' defined in sun-http-binding.

Replace '${HttpDefaultPort}' in WSDL soap location by '9080' defined in sun-http-binding.

Replace '${HttpDefaultPort}' in WSDL soap location by '9080' defined in sun-http-binding.
 Passed. Threads count Success: <10> Error: <0> Not completed: <0> Throughput: <10> invocations in <20.753>s = <0.48185804462005494> invokes/s
Test CopyintegerInvoke\Concurrent.properties
Replace '${HttpDefaultPort}' in WSDL soap location by '9080' defined in sun-http-binding.

Replace '${HttpDefaultPort}' in WSDL soap location by '9080' defined in sun-http-binding.

Replace '${HttpDefaultPort}' in WSDL soap location by '9080' defined in sun-http-binding.

Replace '${HttpDefaultPort}' in WSDL soap location by '9080' defined in sun-http-binding.

Replace '${HttpDefaultPort}' in WSDL soap location by '9080' defined in sun-http-binding.

Replace '${HttpDefaultPort}' in WSDL soap location by '9080' defined in sun-http-binding.

Replace '${HttpDefaultPort}' in WSDL soap location by '9080' defined in sun-http-binding.

Replace '${HttpDefaultPort}' in WSDL soap location by '9080' defined in sun-http-binding.

Replace '${HttpDefaultPort}' in WSDL soap location by '9080' defined in sun-http-binding.

Replace '${HttpDefaultPort}' in WSDL soap location by '9080' defined in sun-http-binding.
 Passed. Threads count Success: <10> Error: <0> Not completed: <0> Throughput: <10> invocations in <21.177>s = <0.47221041696179816> invokes/s
Test CopylanguageInvoke\Concurrent.properties
Replace '${HttpDefaultPort}' in WSDL soap location by '9080' defined in sun-http-binding.

Replace '${HttpDefaultPort}' in WSDL soap location by '9080' defined in sun-http-binding.

Replace '${HttpDefaultPort}' in WSDL soap location by '9080' defined in sun-http-binding.

Replace '${HttpDefaultPort}' in WSDL soap location by '9080' defined in sun-http-binding.

Replace '${HttpDefaultPort}' in WSDL soap location by '9080' defined in sun-http-binding.

Replace '${HttpDefaultPort}' in WSDL soap location by '9080' defined in sun-http-binding.

Replace '${HttpDefaultPort}' in WSDL soap location by '9080' defined in sun-http-binding.

Replace '${HttpDefaultPort}' in WSDL soap location by '9080' defined in sun-http-binding.

Replace '${HttpDefaultPort}' in WSDL soap location by '9080' defined in sun-http-binding.

Replace '${HttpDefaultPort}' in WSDL soap location by '9080' defined in sun-http-binding.
 Passed. Threads count Success: <10> Error: <0> Not completed: <0> Throughput: <10> invocations in <20.819>s = <0.4803304673615448> invokes/s
Test CopylongInvoke\Concurrent.properties
Replace '${HttpDefaultPort}' in WSDL soap location by '9080' defined in sun-http-binding.

Replace '${HttpDefaultPort}' in WSDL soap location by '9080' defined in sun-http-binding.

Replace '${HttpDefaultPort}' in WSDL soap location by '9080' defined in sun-http-binding.

Replace '${HttpDefaultPort}' in WSDL soap location by '9080' defined in sun-http-binding.

Replace '${HttpDefaultPort}' in WSDL soap location by '9080' defined in sun-http-binding.

Replace '${HttpDefaultPort}' in WSDL soap location by '9080' defined in sun-http-binding.

Replace '${HttpDefaultPort}' in WSDL soap location by '9080' defined in sun-http-binding.

Replace '${HttpDefaultPort}' in WSDL soap location by '9080' defined in sun-http-binding.

Replace '${HttpDefaultPort}' in WSDL soap location by '9080' defined in sun-http-binding.

Replace '${HttpDefaultPort}' in WSDL soap location by '9080' defined in sun-http-binding.
 Passed. Threads count Success: <10> Error: <0> Not completed: <0> Throughput: <10> invocations in <20.545>s = <0.4867364322219518> invokes/s
Test CopynegativeIntegerInvoke\Concurrent.properties
Replace '${HttpDefaultPort}' in WSDL soap location by '9080' defined in sun-http-binding.

Replace '${HttpDefaultPort}' in WSDL soap location by '9080' defined in sun-http-binding.

Replace '${HttpDefaultPort}' in WSDL soap location by '9080' defined in sun-http-binding.

Replace '${HttpDefaultPort}' in WSDL soap location by '9080' defined in sun-http-binding.

Replace '${HttpDefaultPort}' in WSDL soap location by '9080' defined in sun-http-binding.

Replace '${HttpDefaultPort}' in WSDL soap location by '9080' defined in sun-http-binding.

Replace '${HttpDefaultPort}' in WSDL soap location by '9080' defined in sun-http-binding.

Replace '${HttpDefaultPort}' in WSDL soap location by '9080' defined in sun-http-binding.

Replace '${HttpDefaultPort}' in WSDL soap location by '9080' defined in sun-http-binding.

Replace '${HttpDefaultPort}' in WSDL soap location by '9080' defined in sun-http-binding.
 Passed. Threads count Success: <10> Error: <0> Not completed: <0> Throughput: <10> invocations in <20.045>s = <0.49887752556747317> invokes/s
Test CopynormalizedStringInvoke\Concurrent.properties
Replace '${HttpDefaultPort}' in WSDL soap location by '9080' defined in sun-http-binding.

Replace '${HttpDefaultPort}' in WSDL soap location by '9080' defined in sun-http-binding.

Replace '${HttpDefaultPort}' in WSDL soap location by '9080' defined in sun-http-binding.

Replace '${HttpDefaultPort}' in WSDL soap location by '9080' defined in sun-http-binding.

Replace '${HttpDefaultPort}' in WSDL soap location by '9080' defined in sun-http-binding.

Replace '${HttpDefaultPort}' in WSDL soap location by '9080' defined in sun-http-binding.

Replace '${HttpDefaultPort}' in WSDL soap location by '9080' defined in sun-http-binding.

Replace '${HttpDefaultPort}' in WSDL soap location by '9080' defined in sun-http-binding.

Replace '${HttpDefaultPort}' in WSDL soap location by '9080' defined in sun-http-binding.

Replace '${HttpDefaultPort}' in WSDL soap location by '9080' defined in sun-http-binding.
 Passed. Threads count Success: <10> Error: <0> Not completed: <0> Throughput: <10> invocations in <20.192>s = <0.4952456418383518> invokes/s
Test CopypositiveIntegerInvoke\Concurrent.properties
Replace '${HttpDefaultPort}' in WSDL soap location by '9080' defined in sun-http-binding.

Replace '${HttpDefaultPort}' in WSDL soap location by '9080' defined in sun-http-binding.

Replace '${HttpDefaultPort}' in WSDL soap location by '9080' defined in sun-http-binding.

Replace '${HttpDefaultPort}' in WSDL soap location by '9080' defined in sun-http-binding.

Replace '${HttpDefaultPort}' in WSDL soap location by '9080' defined in sun-http-binding.

Replace '${HttpDefaultPort}' in WSDL soap location by '9080' defined in sun-http-binding.

Replace '${HttpDefaultPort}' in WSDL soap location by '9080' defined in sun-http-binding.

Replace '${HttpDefaultPort}' in WSDL soap location by '9080' defined in sun-http-binding.

Replace '${HttpDefaultPort}' in WSDL soap location by '9080' defined in sun-http-binding.

Replace '${HttpDefaultPort}' in WSDL soap location by '9080' defined in sun-http-binding.
 Passed. Threads count Success: <10> Error: <0> Not completed: <0> Throughput: <10> invocations in <21.055>s = <0.4749465685110425> invokes/s
Test CopyshortInvoke\Concurrent.properties
Replace '${HttpDefaultPort}' in WSDL soap location by '9080' defined in sun-http-binding.

Replace '${HttpDefaultPort}' in WSDL soap location by '9080' defined in sun-http-binding.

Replace '${HttpDefaultPort}' in WSDL soap location by '9080' defined in sun-http-binding.

Replace '${HttpDefaultPort}' in WSDL soap location by '9080' defined in sun-http-binding.

Replace '${HttpDefaultPort}' in WSDL soap location by '9080' defined in sun-http-binding.

Replace '${HttpDefaultPort}' in WSDL soap location by '9080' defined in sun-http-binding.

Replace '${HttpDefaultPort}' in WSDL soap location by '9080' defined in sun-http-binding.

Replace '${HttpDefaultPort}' in WSDL soap location by '9080' defined in sun-http-binding.

Replace '${HttpDefaultPort}' in WSDL soap location by '9080' defined in sun-http-binding.

Replace '${HttpDefaultPort}' in WSDL soap location by '9080' defined in sun-http-binding.
 Passed. Threads count Success: <10> Error: <0> Not completed: <0> Throughput: <10> invocations in <21.734>s = <0.46010858562620777> invokes/s
Test CopystringInvoke\Concurrent.properties
Replace '${HttpDefaultPort}' in WSDL soap location by '9080' defined in sun-http-binding.

Replace '${HttpDefaultPort}' in WSDL soap location by '9080' defined in sun-http-binding.

Replace '${HttpDefaultPort}' in WSDL soap location by '9080' defined in sun-http-binding.

Replace '${HttpDefaultPort}' in WSDL soap location by '9080' defined in sun-http-binding.

Replace '${HttpDefaultPort}' in WSDL soap location by '9080' defined in sun-http-binding.

Replace '${HttpDefaultPort}' in WSDL soap location by '9080' defined in sun-http-binding.

Replace '${HttpDefaultPort}' in WSDL soap location by '9080' defined in sun-http-binding.

Replace '${HttpDefaultPort}' in WSDL soap location by '9080' defined in sun-http-binding.

Replace '${HttpDefaultPort}' in WSDL soap location by '9080' defined in sun-http-binding.

Replace '${HttpDefaultPort}' in WSDL soap location by '9080' defined in sun-http-binding.
 Passed. Threads count Success: <10> Error: <0> Not completed: <0> Throughput: <10> invocations in <20.825>s = <0.4801920768307323> invokes/s
Test CopytimeInvoke\Concurrent.properties
Replace '${HttpDefaultPort}' in WSDL soap location by '9080' defined in sun-http-binding.

Replace '${HttpDefaultPort}' in WSDL soap location by '9080' defined in sun-http-binding.

Replace '${HttpDefaultPort}' in WSDL soap location by '9080' defined in sun-http-binding.

Replace '${HttpDefaultPort}' in WSDL soap location by '9080' defined in sun-http-binding.

Replace '${HttpDefaultPort}' in WSDL soap location by '9080' defined in sun-http-binding.

Replace '${HttpDefaultPort}' in WSDL soap location by '9080' defined in sun-http-binding.

Replace '${HttpDefaultPort}' in WSDL soap location by '9080' defined in sun-http-binding.

Replace '${HttpDefaultPort}' in WSDL soap location by '9080' defined in sun-http-binding.

Replace '${HttpDefaultPort}' in WSDL soap location by '9080' defined in sun-http-binding.

Replace '${HttpDefaultPort}' in WSDL soap location by '9080' defined in sun-http-binding.
 Passed. Threads count Success: <10> Error: <0> Not completed: <0> Throughput: <10> invocations in <22.38>s = <0.4468275245755139> invokes/s
Test CopyunsignedByteInvoke\Concurrent.properties
Replace '${HttpDefaultPort}' in WSDL soap location by '9080' defined in sun-http-binding.

Replace '${HttpDefaultPort}' in WSDL soap location by '9080' defined in sun-http-binding.

Replace '${HttpDefaultPort}' in WSDL soap location by '9080' defined in sun-http-binding.

Replace '${HttpDefaultPort}' in WSDL soap location by '9080' defined in sun-http-binding.

Replace '${HttpDefaultPort}' in WSDL soap location by '9080' defined in sun-http-binding.

Replace '${HttpDefaultPort}' in WSDL soap location by '9080' defined in sun-http-binding.

Replace '${HttpDefaultPort}' in WSDL soap location by '9080' defined in sun-http-binding.

Replace '${HttpDefaultPort}' in WSDL soap location by '9080' defined in sun-http-binding.

Replace '${HttpDefaultPort}' in WSDL soap location by '9080' defined in sun-http-binding.

Replace '${HttpDefaultPort}' in WSDL soap location by '9080' defined in sun-http-binding.
 Passed. Threads count Success: <10> Error: <0> Not completed: <0> Throughput: <10> invocations in <21.044>s = <0.4751948298802509> invokes/s
Test CopyunsignedIntInvoke\Concurrent.properties
Replace '${HttpDefaultPort}' in WSDL soap location by '9080' defined in sun-http-binding.

Replace '${HttpDefaultPort}' in WSDL soap location by '9080' defined in sun-http-binding.

Replace '${HttpDefaultPort}' in WSDL soap location by '9080' defined in sun-http-binding.

Replace '${HttpDefaultPort}' in WSDL soap location by '9080' defined in sun-http-binding.

Replace '${HttpDefaultPort}' in WSDL soap location by '9080' defined in sun-http-binding.

[...]

Replace '${HttpDefaultPort}' in WSDL soap location by '9080' defined in sun-http-binding.

Replace '${HttpDefaultPort}' in WSDL soap location by '9080' defined in sun-http-binding.
 Passed. Threads count Success: <10> Error: <0> Not completed: <0> Throughput: <10> invocations in <22.058>s = <0.4533502584096473> invokes/s
Test intsubInvoke\Concurrent.properties
Replace '${HttpDefaultPort}' in WSDL soap location by '9080' defined in sun-http-binding.

Replace '${HttpDefaultPort}' in WSDL soap location by '9080' defined in sun-http-binding.

Replace '${HttpDefaultPort}' in WSDL soap location by '9080' defined in sun-http-binding.

Replace '${HttpDefaultPort}' in WSDL soap location by '9080' defined in sun-http-binding.

Replace '${HttpDefaultPort}' in WSDL soap location by '9080' defined in sun-http-binding.

Replace '${HttpDefaultPort}' in WSDL soap location by '9080' defined in sun-http-binding.

Replace '${HttpDefaultPort}' in WSDL soap location by '9080' defined in sun-http-binding.

Replace '${HttpDefaultPort}' in WSDL soap location by '9080' defined in sun-http-binding.

Replace '${HttpDefaultPort}' in WSDL soap location by '9080' defined in sun-http-binding.

Replace '${HttpDefaultPort}' in WSDL soap location by '9080' defined in sun-http-binding.
 Passed. Threads count Success: <10> Error: <0> Not completed: <0> Throughput: <10> invocations in <21.407>s = <0.46713691783061617> invokes/s
Test longGreaterEqualInvoke\Concurrent.properties
Replace '${HttpDefaultPort}' in WSDL soap location by '9080' defined in sun-http-binding.

Replace '${HttpDefaultPort}' in WSDL soap location by '9080' defined in sun-http-binding.

Replace '${HttpDefaultPort}' in WSDL soap location by '9080' defined in sun-http-binding.

Replace '${HttpDefaultPort}' in WSDL soap location by '9080' defined in sun-http-binding.

Replace '${HttpDefaultPort}' in WSDL soap location by '9080' defined in sun-http-binding.

Replace '${HttpDefaultPort}' in WSDL soap location by '9080' defined in sun-http-binding.

Replace '${HttpDefaultPort}' in WSDL soap location by '9080' defined in sun-http-binding.

Replace '${HttpDefaultPort}' in WSDL soap location by '9080' defined in sun-http-binding.

Replace '${HttpDefaultPort}' in WSDL soap location by '9080' defined in sun-http-binding.

Replace '${HttpDefaultPort}' in WSDL soap location by '9080' defined in sun-http-binding.
 Passed. Threads count Success: <10> Error: <0> Not completed: <0> Throughput: <10> invocations in <20.746>s = <0.4820206304829847> invokes/s
Test longGreaterInvoke\Concurrent.properties
Replace '${HttpDefaultPort}' in WSDL soap location by '9080' defined in sun-http-binding.

Replace '${HttpDefaultPort}' in WSDL soap location by '9080' defined in sun-http-binding.

Replace '${HttpDefaultPort}' in WSDL soap location by '9080' defined in sun-http-binding.

Replace '${HttpDefaultPort}' in WSDL soap location by '9080' defined in sun-http-binding.

Replace '${HttpDefaultPort}' in WSDL soap location by '9080' defined in sun-http-binding.

Replace '${HttpDefaultPort}' in WSDL soap location by '9080' defined in sun-http-binding.

Replace '${HttpDefaultPort}' in WSDL soap location by '9080' defined in sun-http-binding.

Replace '${HttpDefaultPort}' in WSDL soap location by '9080' defined in sun-http-binding.

Replace '${HttpDefaultPort}' in WSDL soap location by '9080' defined in sun-http-binding.

Replace '${HttpDefaultPort}' in WSDL soap location by '9080' defined in sun-http-binding.
 Passed. Threads count Success: <10> Error: <0> Not completed: <0> Throughput: <10> invocations in <22.095>s = <0.4525910839556461> invokes/s
Test longNegInvoke\Concurrent.properties
Replace '${HttpDefaultPort}' in WSDL soap location by '9080' defined in sun-http-binding.

Replace '${HttpDefaultPort}' in WSDL soap location by '9080' defined in sun-http-binding.

Replace '${HttpDefaultPort}' in WSDL soap location by '9080' defined in sun-http-binding.

Replace '${HttpDefaultPort}' in WSDL soap location by '9080' defined in sun-http-binding.

Replace '${HttpDefaultPort}' in WSDL soap location by '9080' defined in sun-http-binding.

Replace '${HttpDefaultPort}' in WSDL soap location by '9080' defined in sun-http-binding.

Replace '${HttpDefaultPort}' in WSDL soap location by '9080' defined in sun-http-binding.

Replace '${HttpDefaultPort}' in WSDL soap location by '9080' defined in sun-http-binding.

Replace '${HttpDefaultPort}' in WSDL soap location by '9080' defined in sun-http-binding.

Replace '${HttpDefaultPort}' in WSDL soap location by '9080' defined in sun-http-binding.
 Passed. Threads count Success: <10> Error: <0> Not completed: <0> Throughput: <10> invocations in <22.264>s = <0.44915558749550843> invokes/s
Test longaddInvoke\Concurrent.properties
Replace '${HttpDefaultPort}' in WSDL soap location by '9080' defined in sun-http-binding.

Replace '${HttpDefaultPort}' in WSDL soap location by '9080' defined in sun-http-binding.

Replace '${HttpDefaultPort}' in WSDL soap location by '9080' defined in sun-http-binding.

Replace '${HttpDefaultPort}' in WSDL soap location by '9080' defined in sun-http-binding.

Replace '${HttpDefaultPort}' in WSDL soap location by '9080' defined in sun-http-binding.

Replace '${HttpDefaultPort}' in WSDL soap location by '9080' defined in sun-http-binding.

Replace '${HttpDefaultPort}' in WSDL soap location by '9080' defined in sun-http-binding.

Replace '${HttpDefaultPort}' in WSDL soap location by '9080' defined in sun-http-binding.

Replace '${HttpDefaultPort}' in WSDL soap location by '9080' defined in sun-http-binding.

Replace '${HttpDefaultPort}' in WSDL soap location by '9080' defined in sun-http-binding.
 Passed. Threads count Success: <10> Error: <0> Not completed: <0> Throughput: <10> invocations in <21.44>s = <0.46641791044776115> invokes/s
Test longdivInvoke\Concurrent.properties
Replace '${HttpDefaultPort}' in WSDL soap location by '9080' defined in sun-http-binding.

Replace '${HttpDefaultPort}' in WSDL soap location by '9080' defined in sun-http-binding.

Replace '${HttpDefaultPort}' in WSDL soap location by '9080' defined in sun-http-binding.

Replace '${HttpDefaultPort}' in WSDL soap location by '9080' defined in sun-http-binding.

Replace '${HttpDefaultPort}' in WSDL soap location by '9080' defined in sun-http-binding.

Replace '${HttpDefaultPort}' in WSDL soap location by '9080' defined in sun-http-binding.

Replace '${HttpDefaultPort}' in WSDL soap location by '9080' defined in sun-http-binding.

Replace '${HttpDefaultPort}' in WSDL soap location by '9080' defined in sun-http-binding.

Replace '${HttpDefaultPort}' in WSDL soap location by '9080' defined in sun-http-binding.

Replace '${HttpDefaultPort}' in WSDL soap location by '9080' defined in sun-http-binding.
 Passed. Threads count Success: <10> Error: <0> Not completed: <0> Throughput: <10> invocations in <22.473>s = <0.4449784185467005> invokes/s
Test longmodInvoke\Concurrent.properties
Replace '${HttpDefaultPort}' in WSDL soap location by '9080' defined in sun-http-binding.

Replace '${HttpDefaultPort}' in WSDL soap location by '9080' defined in sun-http-binding.

Replace '${HttpDefaultPort}' in WSDL soap location by '9080' defined in sun-http-binding.

Replace '${HttpDefaultPort}' in WSDL soap location by '9080' defined in sun-http-binding.

Replace '${HttpDefaultPort}' in WSDL soap location by '9080' defined in sun-http-binding.

Replace '${HttpDefaultPort}' in WSDL soap location by '9080' defined in sun-http-binding.

Replace '${HttpDefaultPort}' in WSDL soap location by '9080' defined in sun-http-binding.

Replace '${HttpDefaultPort}' in WSDL soap location by '9080' defined in sun-http-binding.

Replace '${HttpDefaultPort}' in WSDL soap location by '9080' defined in sun-http-binding.

Replace '${HttpDefaultPort}' in WSDL soap location by '9080' defined in sun-http-binding.
 Passed. Threads count Success: <10> Error: <0> Not completed: <0> Throughput: <10> invocations in <20.963>s = <0.47703095930925915> invokes/s
Test longmultInvoke\Concurrent.properties
Replace '${HttpDefaultPort}' in WSDL soap location by '9080' defined in sun-http-binding.

Replace '${HttpDefaultPort}' in WSDL soap location by '9080' defined in sun-http-binding.

Replace '${HttpDefaultPort}' in WSDL soap location by '9080' defined in sun-http-binding.

Replace '${HttpDefaultPort}' in WSDL soap location by '9080' defined in sun-http-binding.

Replace '${HttpDefaultPort}' in WSDL soap location by '9080' defined in sun-http-binding.

Replace '${HttpDefaultPort}' in WSDL soap location by '9080' defined in sun-http-binding.

Replace '${HttpDefaultPort}' in WSDL soap location by '9080' defined in sun-http-binding.

Replace '${HttpDefaultPort}' in WSDL soap location by '9080' defined in sun-http-binding.

Replace '${HttpDefaultPort}' in WSDL soap location by '9080' defined in sun-http-binding.

Replace '${HttpDefaultPort}' in WSDL soap location by '9080' defined in sun-http-binding.
 Passed. Threads count Success: <10> Error: <0> Not completed: <0> Throughput: <10> invocations in <21.411>s = <0.4670496473775162> invokes/s
Test longsubInvoke\Concurrent.properties
Replace '${HttpDefaultPort}' in WSDL soap location by '9080' defined in sun-http-binding.

Replace '${HttpDefaultPort}' in WSDL soap location by '9080' defined in sun-http-binding.

Replace '${HttpDefaultPort}' in WSDL soap location by '9080' defined in sun-http-binding.

Replace '${HttpDefaultPort}' in WSDL soap location by '9080' defined in sun-http-binding.

Replace '${HttpDefaultPort}' in WSDL soap location by '9080' defined in sun-http-binding.

Replace '${HttpDefaultPort}' in WSDL soap location by '9080' defined in sun-http-binding.

Replace '${HttpDefaultPort}' in WSDL soap location by '9080' defined in sun-http-binding.

Replace '${HttpDefaultPort}' in WSDL soap location by '9080' defined in sun-http-binding.

Replace '${HttpDefaultPort}' in WSDL soap location by '9080' defined in sun-http-binding.

Replace '${HttpDefaultPort}' in WSDL soap location by '9080' defined in sun-http-binding.
 Passed. Threads count Success: <10> Error: <0> Not completed: <0> Throughput: <10> invocations in <21.903>s = <0.456558462311099> invokes/s
Test shortGreaterEqualInvoke\Concurrent.properties
Replace '${HttpDefaultPort}' in WSDL soap location by '9080' defined in sun-http-binding.

Replace '${HttpDefaultPort}' in WSDL soap location by '9080' defined in sun-http-binding.

Replace '${HttpDefaultPort}' in WSDL soap location by '9080' defined in sun-http-binding.

Replace '${HttpDefaultPort}' in WSDL soap location by '9080' defined in sun-http-binding.

Replace '${HttpDefaultPort}' in WSDL soap location by '9080' defined in sun-http-binding.

Replace '${HttpDefaultPort}' in WSDL soap location by '9080' defined in sun-http-binding.

Replace '${HttpDefaultPort}' in WSDL soap location by '9080' defined in sun-http-binding.

Replace '${HttpDefaultPort}' in WSDL soap location by '9080' defined in sun-http-binding.

Replace '${HttpDefaultPort}' in WSDL soap location by '9080' defined in sun-http-binding.

Replace '${HttpDefaultPort}' in WSDL soap location by '9080' defined in sun-http-binding.
 Passed. Threads count Success: <10> Error: <0> Not completed: <0> Throughput: <10> invocations in <21.675>s = <0.461361014994233> invokes/s
Test shortGreaterInvoke\Concurrent.properties
Replace '${HttpDefaultPort}' in WSDL soap location by '9080' defined in sun-http-binding.

Replace '${HttpDefaultPort}' in WSDL soap location by '9080' defined in sun-http-binding.

Replace '${HttpDefaultPort}' in WSDL soap location by '9080' defined in sun-http-binding.

Replace '${HttpDefaultPort}' in WSDL soap location by '9080' defined in sun-http-binding.

Replace '${HttpDefaultPort}' in WSDL soap location by '9080' defined in sun-http-binding.

Replace '${HttpDefaultPort}' in WSDL soap location by '9080' defined in sun-http-binding.

Replace '${HttpDefaultPort}' in WSDL soap location by '9080' defined in sun-http-binding.

Replace '${HttpDefaultPort}' in WSDL soap location by '9080' defined in sun-http-binding.

Replace '${HttpDefaultPort}' in WSDL soap location by '9080' defined in sun-http-binding.

Replace '${HttpDefaultPort}' in WSDL soap location by '9080' defined in sun-http-binding.
 Passed. Threads count Success: <10> Error: <0> Not completed: <0> Throughput: <10> invocations in <21.995>s = <0.4546487838145033> invokes/s
Test shortNegInvoke\Concurrent.properties
Replace '${HttpDefaultPort}' in WSDL soap location by '9080' defined in sun-http-binding.

Replace '${HttpDefaultPort}' in WSDL soap location by '9080' defined in sun-http-binding.

Replace '${HttpDefaultPort}' in WSDL soap location by '9080' defined in sun-http-binding.

Replace '${HttpDefaultPort}' in WSDL soap location by '9080' defined in sun-http-binding.

Replace '${HttpDefaultPort}' in WSDL soap location by '9080' defined in sun-http-binding.

Replace '${HttpDefaultPort}' in WSDL soap location by '9080' defined in sun-http-binding.

Replace '${HttpDefaultPort}' in WSDL soap location by '9080' defined in sun-http-binding.

Replace '${HttpDefaultPort}' in WSDL soap location by '9080' defined in sun-http-binding.

Replace '${HttpDefaultPort}' in WSDL soap location by '9080' defined in sun-http-binding.

Replace '${HttpDefaultPort}' in WSDL soap location by '9080' defined in sun-http-binding.
 Passed. Threads count Success: <10> Error: <0> Not completed: <0> Throughput: <10> invocations in <24.067>s = <0.4155067104333735> invokes/s
Test shortaddInvoke\Concurrent.properties
Replace '${HttpDefaultPort}' in WSDL soap location by '9080' defined in sun-http-binding.

Replace '${HttpDefaultPort}' in WSDL soap location by '9080' defined in sun-http-binding.

Replace '${HttpDefaultPort}' in WSDL soap location by '9080' defined in sun-http-binding.

Replace '${HttpDefaultPort}' in WSDL soap location by '9080' defined in sun-http-binding.

Replace '${HttpDefaultPort}' in WSDL soap location by '9080' defined in sun-http-binding.

Replace '${HttpDefaultPort}' in WSDL soap location by '9080' defined in sun-http-binding.

Replace '${HttpDefaultPort}' in WSDL soap location by '9080' defined in sun-http-binding.

Replace '${HttpDefaultPort}' in WSDL soap location by '9080' defined in sun-http-binding.

Replace '${HttpDefaultPort}' in WSDL soap location by '9080' defined in sun-http-binding.

Replace '${HttpDefaultPort}' in WSDL soap location by '9080' defined in sun-http-binding.
 Passed. Threads count Success: <10> Error: <0> Not completed: <0> Throughput: <10> invocations in <24.33>s = <0.41101520756267984> invokes/s
Test shortdivInvoke\Concurrent.properties
Replace '${HttpDefaultPort}' in WSDL soap location by '9080' defined in sun-http-binding.

Replace '${HttpDefaultPort}' in WSDL soap location by '9080' defined in sun-http-binding.

Replace '${HttpDefaultPort}' in WSDL soap location by '9080' defined in sun-http-binding.

Replace '${HttpDefaultPort}' in WSDL soap location by '9080' defined in sun-http-binding.

Replace '${HttpDefaultPort}' in WSDL soap location by '9080' defined in sun-http-binding.

Replace '${HttpDefaultPort}' in WSDL soap location by '9080' defined in sun-http-binding.

Replace '${HttpDefaultPort}' in WSDL soap location by '9080' defined in sun-http-binding.

Replace '${HttpDefaultPort}' in WSDL soap location by '9080' defined in sun-http-binding.

Replace '${HttpDefaultPort}' in WSDL soap location by '9080' defined in sun-http-binding.

Replace '${HttpDefaultPort}' in WSDL soap location by '9080' defined in sun-http-binding.
 Passed. Threads count Success: <10> Error: <0> Not completed: <0> Throughput: <10> invocations in <21.795>s = <0.4588208304657031> invokes/s
Test shortmodInvoke\Concurrent.properties
Replace '${HttpDefaultPort}' in WSDL soap location by '9080' defined in sun-http-binding.

Replace '${HttpDefaultPort}' in WSDL soap location by '9080' defined in sun-http-binding.

Replace '${HttpDefaultPort}' in WSDL soap location by '9080' defined in sun-http-binding.

Replace '${HttpDefaultPort}' in WSDL soap location by '9080' defined in sun-http-binding.

Replace '${HttpDefaultPort}' in WSDL soap location by '9080' defined in sun-http-binding.

Replace '${HttpDefaultPort}' in WSDL soap location by '9080' defined in sun-http-binding.

Replace '${HttpDefaultPort}' in WSDL soap location by '9080' defined in sun-http-binding.

Replace '${HttpDefaultPort}' in WSDL soap location by '9080' defined in sun-http-binding.

Replace '${HttpDefaultPort}' in WSDL soap location by '9080' defined in sun-http-binding.

Replace '${HttpDefaultPort}' in WSDL soap location by '9080' defined in sun-http-binding.
 Passed. Threads count Success: <10> Error: <0> Not completed: <0> Throughput: <10> invocations in <21.205>s = <0.47158688988446124> invokes/s
Test shortmultInvoke\Concurrent.properties
Replace '${HttpDefaultPort}' in WSDL soap location by '9080' defined in sun-http-binding.

Replace '${HttpDefaultPort}' in WSDL soap location by '9080' defined in sun-http-binding.

Replace '${HttpDefaultPort}' in WSDL soap location by '9080' defined in sun-http-binding.

Replace '${HttpDefaultPort}' in WSDL soap location by '9080' defined in sun-http-binding.

Replace '${HttpDefaultPort}' in WSDL soap location by '9080' defined in sun-http-binding.

Replace '${HttpDefaultPort}' in WSDL soap location by '9080' defined in sun-http-binding.

Replace '${HttpDefaultPort}' in WSDL soap location by '9080' defined in sun-http-binding.

Replace '${HttpDefaultPort}' in WSDL soap location by '9080' defined in sun-http-binding.

Replace '${HttpDefaultPort}' in WSDL soap location by '9080' defined in sun-http-binding.

Replace '${HttpDefaultPort}' in WSDL soap location by '9080' defined in sun-http-binding.
 Passed. Threads count Success: <10> Error: <0> Not completed: <0> Throughput: <10> invocations in <22.367>s = <0.44708722671793266> invokes/s
Test shortsubInvoke\Concurrent.properties
Replace '${HttpDefaultPort}' in WSDL soap location by '9080' defined in sun-http-binding.

Replace '${HttpDefaultPort}' in WSDL soap location by '9080' defined in sun-http-binding.

Replace '${HttpDefaultPort}' in WSDL soap location by '9080' defined in sun-http-binding.

Replace '${HttpDefaultPort}' in WSDL soap location by '9080' defined in sun-http-binding.

Replace '${HttpDefaultPort}' in WSDL soap location by '9080' defined in sun-http-binding.

Replace '${HttpDefaultPort}' in WSDL soap location by '9080' defined in sun-http-binding.

Replace '${HttpDefaultPort}' in WSDL soap location by '9080' defined in sun-http-binding.

Replace '${HttpDefaultPort}' in WSDL soap location by '9080' defined in sun-http-binding.

Replace '${HttpDefaultPort}' in WSDL soap location by '9080' defined in sun-http-binding.

Replace '${HttpDefaultPort}' in WSDL soap location by '9080' defined in sun-http-binding.
 Passed. Threads count Success: <10> Error: <0> Not completed: <0> Throughput: <10> invocations in <22.521>s = <0.4440300164291106> invokes/s
Test simpExpr\Concurrent.properties
Replace '${HttpDefaultPort}' in WSDL soap location by '9080' defined in sun-http-binding.
 Passed. Threads count Success: <1> Error: <0> Not completed: <0>
Test testTrailingZeros\Concurrent.properties
Replace '${HttpDefaultPort}' in WSDL soap location by '9080' defined in sun-http-binding.
 Passed. Threads count Success: <1> Error: <0> Not completed: <0>
Test testforCR6470807\Concurrent.properties
Replace '${HttpDefaultPort}' in WSDL soap location by '9080' defined in sun-http-binding.
 Passed. Threads count Success: <1> Error: <0> Not completed: <0>
]]></system-out>
  <system-err><![CDATA[]]></system-err>
</testsuite>
