<?xml version="1.0" encoding="UTF-8" ?>
<testsuite errors="0" failures="0" hostname="logicoy-PC-Jay" name="org.netbeans.modules.compapp.catd.ConfiguredTest" tests="1" time="1.013" timestamp="2013-02-19T13:13:48">
  <properties>
[...]
</properties>
  <testcase classname="org.netbeans.modules.compapp.catd.ConfiguredTest" name="TestCase2" time="0.992" />
  <system-out><![CDATA[GenerateATSOutput=${generate.ats.output}
NetBeansUserDir=C:\OpenESB-v2.3\.netbeans\openesb
ServerPassword=adminadmin
awt.toolkit=sun.awt.windows.WToolkit
file.encoding=Cp1252
file.encoding.pkg=sun.io
file.separator=\
inDebug=${inDebug}
java.awt.graphicsenv=sun.awt.Win32GraphicsEnvironment
java.awt.headless=${java.awt.headless}
java.awt.printerjob=sun.awt.windows.WPrinterJob
java.class.path=C:\OpenESB-v2.3\netbeans\soa\modules\org-netbeans-modules-compapp-manager-jbi.jar;C:\OpenESB-v2.3\netbeans\soa\modules\org-netbeans-modules-compapp-projects-jbi.jar;C:\OpenESB-v2.3\netbeans\soa\modules\ext\jbi-admin-common.jar;C:\OpenESB-v2.3\netbeans\soa\modules\ext\catd.jar;C:\OpenESB-v2.3\netbeans\java\modules\ext\junit-3.8.2.jar;C:\OpenESB-v2.3\netbeans\ide\modules\org-netbeans-modules-editor-lib.jar;C:\OpenESB-v2.3\netbeans\ide\modules\org-netbeans-modules-editor.jar;C:\OpenESB-v2.3\netbeans\ide\modules\org-netbeans-modules-editor-deprecated-pre65formatting.jar;C:\OpenESB-v2.3\netbeans\ide\modules\org-netbeans-modules-editor-util.jar;C:\OpenESB-v2.3\netbeans\ide\modules\org-netbeans-modules-editor-lib2.jar;C:\OpenESB-v2.3\netbeans\ide\modules\org-netbeans-modules-editor-indent.jar;C:\OpenESB-v2.3\netbeans\ide\modules\org-netbeans-modules-editor-plain.jar;C:\OpenESB-v2.3\netbeans\ide\modules\org-netbeans-modules-editor-plain-lib.jar;C:\OpenESB-v2.3\netbeans\ide\modules\org-netbeans-modules-editor-settings.jar;C:\OpenESB-v2.3\netbeans\ide\modules\org-netbeans-modules-editor-settings-storage.jar;C:\OpenESB-v2.3\netbeans\ide\modules\org-netbeans-modules-lexer.jar;C:\OpenESB-v2.3\netbeans\ide\modules\org-netbeans-modules-xml-core.jar;C:\OpenESB-v2.3\netbeans\ide\modules\org-netbeans-modules-xml-lexer.jar;C:\OpenESB-v2.3\netbeans\ide\modules\org-netbeans-modules-xml-text.jar;C:\OpenESB-v2.3\netbeans\ide\modules\org-netbeans-modules-xml-xdm.jar;C:\OpenESB-v2.3\netbeans\ide\modules\org-netbeans-modules-xml-xam.jar;C:\OpenESB-v2.3\netbeans\ide\modules\org-netbeans-modules-csl-api.jar;C:\OpenESB-v2.3\netbeans\ide\modules\ext\jaxb\activation.jar;C:\OpenESB-v2.3\netbeans\platform\lib\org-openide-modules.jar;C:\OpenESB-v2.3\netbeans\platform\lib\org-openide-util.jar;C:\OpenESB-v2.3\netbeans\platform\lib\org-openide-util-lookup.jar;C:\OpenESB-v2.3\netbeans\platform\modules\org-openide-awt.jar;C:\OpenESB-v2.3\netbeans\platform\modules\org-openide-options.jar;C:\OpenESB-v2.3\netbeans\platform\modules\org-openide-text.jar;C:\OpenESB-v2.3\netbeans\platform\modules\org-openide-loaders.jar;C:\OpenESB-v2.3\netbeans\platform\modules\org-openide-nodes.jar;C:\OpenESB-v2.3\netbeans\platform\modules\org-netbeans-modules-editor-mimelookup.jar;C:\OpenESB-v2.3\netbeans\platform\modules\org-netbeans-modules-editor-mimelookup-impl.jar;C:\OpenESB-v2.3\netbeans\platform\core\org-openide-filesystems.jar;C:\OpenESB-v2.3\netbeans\platform\modules\org-netbeans-modules-keyring.jar;C:\OpenESB-v2.3\netbeans\platform\modules\org-openide-dialogs.jar;C:\OpenESB-v2.3\netbeans\java\ant\lib\ant-launcher.jar;C:\OpenESB-v2.3\netbeans\java\ant\lib\ant.jar;C:\OpenESB-v2.3\netbeans\java\ant\lib\ant-junit.jar;C:\OpenESB-v2.3\netbeans\java\ant\lib\ant-junit4.jar
java.class.version=50.0
java.endorsed.dirs=C:\Program Files\Java\jdk1.6.0_37\jre\lib\endorsed
java.ext.dirs=C:\Program Files\Java\jdk1.6.0_37\jre\lib\ext;C:\Windows\Sun\Java\lib\ext
java.home=C:\Program Files\Java\jdk1.6.0_37\jre
java.io.tmpdir=C:\Users\logicoy\AppData\Local\Temp\
java.library.path=C:\Program Files\Java\jdk1.6.0_37\jre\bin;C:\Windows\Sun\Java\bin;C:\Windows\system32;C:\Windows;C:\oraclexe\app\oracle\product\11.2.0\server\bin;;C:\Program Files\Common Files\Microsoft Shared\Windows Live;C:\Program Files (x86)\Common Files\Microsoft Shared\Windows Live;c:\Program Files (x86)\AMD APP\bin\x86_64;c:\Program Files (x86)\AMD APP\bin\x86;c:\Program Files (x86)\Intel\iCLS Client\;c:\Program Files\Intel\iCLS Client\;C:\Windows\system32;C:\Windows;C:\Windows\System32\Wbem;C:\Windows\System32\WindowsPowerShell\v1.0\;C:\Program Files\Intel\WiFi\bin\;C:\Program Files\Common Files\Intel\WirelessCommon\;c:\Program Files (x86)\ATI Technologies\ATI.ACE\Core-Static;C:\Program Files (x86)\Windows Live\Shared;C:\Program Files\Internet Explorer;C:\Program Files\Java\jdk1.6.0_37\bin;C:\Program Files\TortoiseSVN\bin;D:\apache-maven-3.0.3\bin;C:\GlassFishESBv22\glassfish\lib\ant\bin;.
java.runtime.name=Java(TM) SE Runtime Environment
java.runtime.version=1.6.0_37-b06
java.specification.name=Java Platform API Specification
java.specification.vendor=Sun Microsystems Inc.
java.specification.version=1.6
java.vendor=Sun Microsystems Inc.
java.vendor.url=http://java.sun.com/
java.vendor.url.bug=http://java.sun.com/cgi-bin/bugreport.cgi
java.version=1.6.0_37
java.vm.info=mixed mode
java.vm.name=Java HotSpot(TM) 64-Bit Server VM
java.vm.specification.name=Java Virtual Machine Specification
java.vm.specification.vendor=Sun Microsystems Inc.
java.vm.specification.version=1.0
java.vm.vendor=Sun Microsystems Inc.
java.vm.version=20.12-b01
line.separator=

org.netbeans.modules.compapp.catd.context=
os.arch=amd64
os.name=Windows 7
os.version=6.1
path.separator=;
sun.arch.data.model=64
sun.boot.class.path=C:\Program Files\Java\jdk1.6.0_37\jre\lib\resources.jar;C:\Program Files\Java\jdk1.6.0_37\jre\lib\rt.jar;C:\Program Files\Java\jdk1.6.0_37\jre\lib\sunrsasign.jar;C:\Program Files\Java\jdk1.6.0_37\jre\lib\jsse.jar;C:\Program Files\Java\jdk1.6.0_37\jre\lib\jce.jar;C:\Program Files\Java\jdk1.6.0_37\jre\lib\charsets.jar;C:\Program Files\Java\jdk1.6.0_37\jre\lib\modules\jdk.boot.jar;C:\Program Files\Java\jdk1.6.0_37\jre\classes
sun.boot.library.path=C:\Program Files\Java\jdk1.6.0_37\jre\bin
sun.cpu.endian=little
sun.cpu.isalist=amd64
sun.desktop=windows
sun.io.unicode.encoding=UnicodeLittle
sun.java.command=org.apache.tools.ant.taskdefs.optional.junit.JUnitTestRunner org.netbeans.modules.compapp.catd.ConfiguredTest filtertrace=true haltOnError=false haltOnFailure=false showoutput=true outputtoformatters=true logfailedtests=true logtestlistenerevents=true formatter=org.apache.tools.ant.taskdefs.optional.junit.BriefJUnitResultFormatter formatter=org.apache.tools.ant.taskdefs.optional.junit.XMLJUnitResultFormatter,D:\OpenEsbWork\Driver_Test\Jdbc-Mysql\Find_Mysql_JBI_New\test\results\TEST-org.netbeans.modules.compapp.catd.ConfiguredTest.xml crashfile=C:\Users\logicoy\AppData\Local\Temp\junitvmwatcher3259562968971742031.properties propsfile=C:\Users\logicoy\AppData\Local\Temp\junit5252655427443065110.properties
sun.java.launcher=SUN_STANDARD
sun.jnu.encoding=Cp1252
sun.management.compiler=HotSpot 64-Bit Tiered Compilers
sun.os.patch.level=Service Pack 1
user.country=US
user.dir=D:\OpenEsbWork\Driver_Test\Jdbc-Mysql\Find_Mysql_JBI_New
user.home=C:\Users\logicoy
user.language=en
user.name=logicoy
user.timezone=Asia/Calcutta
user.variant=
Test TestCase2\Concurrent.properties Passed. Threads count Success: <1> Error: <0> Not completed: <0>
]]></system-out>
  <system-err><![CDATA[Feb 19, 2013 6:43:49 PM org.netbeans.modules.editor.settings.storage.keybindings.KeyMapsStorage$KeyMapsReader startElement
WARNING: The keybinding 'A-MOUSE_WHEEL_UP' in Editors/Keybindings/NetBeans/Defaults/org-netbeans-modules-editor-keybindings.xml may not work correctly on Mac. Keybindings starting with Alt or Ctrl should be coded with latin capital letters 'O' or 'D' respectively. For details see org.openide.util.Utilities.stringToKey().
Feb 19, 2013 6:43:49 PM org.netbeans.modules.editor.settings.storage.keybindings.KeyMapsStorage$KeyMapsReader startElement
WARNING: The keybinding 'A-MOUSE_WHEEL_DOWN' in Editors/Keybindings/NetBeans/Defaults/org-netbeans-modules-editor-keybindings.xml may not work correctly on Mac. Keybindings starting with Alt or Ctrl should be coded with latin capital letters 'O' or 'D' respectively. For details see org.openide.util.Utilities.stringToKey().
]]></system-err>
</testsuite>
