<?xml version="1.0" encoding="UTF-8" ?>
<testsuite errors="0" failures="0" hostname="ksimpson" name="org.netbeans.modules.compapp.catd.ConfiguredTest" tests="1" time="1.797" timestamp="2008-04-21T23:15:46">
  <properties>
[...]
</properties>
  <testcase classname="org.netbeans.modules.compapp.catd.ConfiguredTest" name="TestCase1" time="1.735" />
  <system-out><![CDATA[{java.runtime.name=Java(TM) 2 Runtime Environment, Standard Edition, sun.boot.library.path=C:\sun\1.5.0_11\jre\bin, java.vm.version=1.5.0_11-b03, java.vm.vendor=Sun Microsystems Inc., java.vendor.url=http://java.sun.com/, path.separator=;, java.vm.name=Java HotSpot(TM) Client VM, file.encoding.pkg=sun.io, sun.java.launcher=SUN_STANDARD, user.country=US, sun.os.patch.level=Service Pack 2, java.vm.specification.name=Java Virtual Machine Specification, user.dir=C:\openesb_sierra\bugs\RedeliveryRedirectToBP-503\RedeliveryRedirectCompApp, java.runtime.version=1.5.0_11-b03, java.awt.graphicsenv=sun.awt.Win32GraphicsEnvironment, inDebug=${inDebug}, java.endorsed.dirs=C:\sun\1.5.0_11\jre\lib\endorsed, os.arch=x86, java.io.tmpdir=C:\DOCUME~1\ksimpson\LOCALS~1\Temp\, line.separator=
, java.vm.specification.vendor=Sun Microsystems Inc., user.variant=, os.name=Windows XP, sun.jnu.encoding=Cp1252, java.library.path=C:\sun\1.5.0_11\jre\bin;.;C:\WINDOWS\system32;C:\WINDOWS;C:\WINDOWS\system32;C:\WINDOWS;C:\WINDOWS\System32\Wbem;;C:\PROGRA~1\COMMON~1\MUVEET~1\030625, java.specification.name=Java Platform API Specification, java.class.version=49.0, sun.management.compiler=HotSpot Client Compiler, os.version=5.1, user.home=C:\Documents and Settings\ksimpson, user.timezone=America/Los_Angeles, java.awt.printerjob=sun.awt.windows.WPrinterJob, file.encoding=Cp1252, java.specification.version=1.5, java.class.path=C:\openesb_sierra\netbeans\soa2\modules\org-netbeans-modules-compapp-manager-jbi.jar;C:\openesb_sierra\netbeans\soa2\modules\org-netbeans-modules-compapp-projects-jbi.jar;C:\openesb_sierra\netbeans\soa2\modules\ext\jbi\jbi-admin-common.jar;C:\openesb_sierra\netbeans\soa2\modules\ext\jbi\catd.jar;C:\openesb_sierra\netbeans\java2\modules\ext\junit-3.8.2.jar;C:\openesb_sierra\netbeans\java2\modules\ext\jaxws21\api\saaj-api.jar;C:\openesb_sierra\netbeans\java2\modules\ext\jaxws21\saaj-impl.jar;C:\openesb_sierra\netbeans\java2\modules\ext\jaxws21\FastInfoset.jar;C:\openesb_sierra\netbeans\ide9\modules\org-netbeans-modules-editor-lib.jar;C:\openesb_sierra\netbeans\ide9\modules\org-netbeans-modules-editor.jar;C:\openesb_sierra\netbeans\ide9\modules\org-netbeans-modules-editor-util.jar;C:\openesb_sierra\netbeans\ide9\modules\org-netbeans-modules-editor-lib2.jar;C:\openesb_sierra\netbeans\ide9\modules\org-netbeans-modules-editor-indent.jar;C:\openesb_sierra\netbeans\ide9\modules\org-netbeans-modules-lexer.jar;C:\openesb_sierra\netbeans\ide9\modules\org-netbeans-modules-xml-core.jar;C:\openesb_sierra\netbeans\ide9\modules\org-netbeans-modules-xml-lexer.jar;C:\openesb_sierra\netbeans\ide9\modules\org-netbeans-modules-xml-text.jar;C:\openesb_sierra\netbeans\ide9\modules\org-netbeans-modules-xml-xdm.jar;C:\openesb_sierra\netbeans\ide9\modules\org-netbeans-modules-xml-xam.jar;C:\openesb_sierra\netbeans\platform8\lib\org-openide-modules.jar;C:\openesb_sierra\netbeans\platform8\lib\org-openide-util.jar;C:\openesb_sierra\netbeans\platform8\modules\org-openide-options.jar;C:\openesb_sierra\netbeans\platform8\modules\org-openide-text.jar;C:\openesb_sierra\netbeans\platform8\modules\org-openide-loaders.jar;C:\openesb_sierra\netbeans\platform8\modules\org-openide-nodes.jar;C:\openesb_sierra\netbeans\platform8\modules\org-netbeans-modules-editor-mimelookup.jar;C:\openesb_sierra\netbeans\platform8\core\org-openide-filesystems.jar;C:\openesb_sierra\netbeans\java2\ant\lib\ant-launcher.jar;C:\openesb_sierra\netbeans\java2\ant\lib\ant.jar;C:\openesb_sierra\netbeans\java2\ant\lib\ant-junit.jar, user.name=ksimpson, java.vm.specification.version=1.0, java.home=C:\sun\1.5.0_11\jre, sun.arch.data.model=32, user.language=en, java.specification.vendor=Sun Microsystems Inc., NetBeansUserDir=C:\openesb_sierra\ksimpson\.netbeans\6.0, awt.toolkit=sun.awt.windows.WToolkit, java.vm.info=mixed mode, java.version=1.5.0_11, java.ext.dirs=C:\sun\1.5.0_11\jre\lib\ext, sun.boot.class.path=C:\sun\1.5.0_11\jre\lib\rt.jar;C:\sun\1.5.0_11\jre\lib\i18n.jar;C:\sun\1.5.0_11\jre\lib\sunrsasign.jar;C:\sun\1.5.0_11\jre\lib\jsse.jar;C:\sun\1.5.0_11\jre\lib\jce.jar;C:\sun\1.5.0_11\jre\lib\charsets.jar;C:\sun\1.5.0_11\jre\classes, java.vendor=Sun Microsystems Inc., file.separator=\, java.vendor.url.bug=http://java.sun.com/cgi-bin/bugreport.cgi, sun.io.unicode.encoding=UnicodeLittle, sun.cpu.endian=little, sun.desktop=windows, sun.cpu.isalist=}
Test TestCase1\Concurrent.properties
Replace '${HttpDefaultPort}' in WSDL soap location by '9080' defined in sun-http-binding.
 Passed. Threads count Success: <1> Error: <0> Not completed: <0>
]]></system-out>
  <system-err><![CDATA[]]></system-err>
</testsuite>
